(Thu Sep 09 15:39:55 COT 2021): <Comprobante:getFileExtracted> (1/) Starting conection to data base.
(Thu Sep 09 15:53:23 COT 2021): <Comprobante:Comprobante> (1/2) Starting conection to data base.
(Thu Sep 09 15:53:25 COT 2021): <Comprobante:Comprobante> (2/2) conection to data base successfully.
(Thu Sep 09 15:53:26 COT 2021): <Comprobante:getFileExtracted> (1/) Starting getFileExtracted process.
(Thu Sep 09 15:53:26 COT 2021): <Comprobante:getFileExtracted> (/) Starting extracting Adjustment.
(Thu Sep 09 15:53:26 COT 2021): <Comprobante:getFileExtracted> (/) Extracting Adjustment successfully.
(Thu Sep 09 15:53:26 COT 2021): <Comprobante:getFileExtracted> (/) getFileExtracted process successfully.
(Thu Sep 09 15:53:26 COT 2021): <Comprobante:getFileExtracted> (1/) Starting getFileExtracted process.
(Thu Sep 09 15:53:26 COT 2021): <Comprobante:getFileExtracted> (/) Starting extracting Adjustment.
(Thu Sep 09 15:53:26 COT 2021): <Comprobante:getFileExtracted> (/) Extracting Adjustment successfully.
(Thu Sep 09 15:53:26 COT 2021): <Comprobante:getFileExtracted> (/) getFileExtracted process successfully.
(Thu Sep 09 15:53:27 COT 2021): <Comprobante:getFileExtracted> (1/) Starting getFileExtracted process.
(Thu Sep 09 15:53:27 COT 2021): <Comprobante:getFileExtracted> (/) Starting extracting Adjustment.
(Thu Sep 09 15:53:27 COT 2021): <Comprobante:getFileExtracted> (/) Extracting Adjustment successfully.
(Thu Sep 09 15:53:27 COT 2021): <Comprobante:getFileExtracted> (/) getFileExtracted process successfully.
(Thu Sep 09 15:53:27 COT 2021): <Comprobante:getFileExtracted> (1/) Starting getFileExtracted process.
(Thu Sep 09 15:53:27 COT 2021): <Comprobante:getFileExtracted> (/) Starting extracting Adjustment.
(Thu Sep 09 15:53:27 COT 2021): <Comprobante:getFileExtracted> (/) Extracting Adjustment successfully.
(Thu Sep 09 15:53:27 COT 2021): <Comprobante:getFileExtracted> (/) getFileExtracted process successfully.
(Thu Sep 09 15:53:27 COT 2021): <Comprobante:getFileExtracted> (1/) Starting getFileExtracted process.
(Thu Sep 09 15:53:27 COT 2021): <Comprobante:getFileExtracted> (/) Starting extracting Adjustment.
(Thu Sep 09 15:53:27 COT 2021): <Comprobante:getFileExtracted> (/) Extracting Adjustment successfully.
(Thu Sep 09 15:53:27 COT 2021): <Comprobante:getFileExtracted> (/) getFileExtracted process successfully.
(Thu Sep 09 15:53:27 COT 2021): <Comprobante:getFileExtracted> (1/) Starting getFileExtracted process.
(Thu Sep 09 15:53:27 COT 2021): <Comprobante:getFileExtracted> (/) Starting extracting Adjustment.
(Thu Sep 09 15:53:27 COT 2021): <Comprobante:getFileExtracted> (/) Extracting Adjustment successfully.
(Thu Sep 09 15:53:27 COT 2021): <Comprobante:getFileExtracted> (/) getFileExtracted process successfully.
(Thu Sep 09 15:53:28 COT 2021): <Comprobante:getFileExtracted> (1/) Starting getFileExtracted process.
(Thu Sep 09 15:53:28 COT 2021): <Comprobante:getFileExtracted> (/) Starting extracting Adjustment.
(Thu Sep 09 15:53:28 COT 2021): <Comprobante:getFileExtracted> (/) Extracting Adjustment successfully.
(Thu Sep 09 15:53:28 COT 2021): <Comprobante:getFileExtracted> (/) getFileExtracted process successfully.
(Thu Sep 09 15:53:28 COT 2021): <Comprobante:getFileExtracted> (1/) Starting getFileExtracted process.
(Thu Sep 09 15:53:28 COT 2021): <Comprobante:getFileExtracted> (/) Starting extracting Adjustment.
(Thu Sep 09 15:53:28 COT 2021): <Comprobante:getFileExtracted> (/) Extracting Adjustment successfully.
(Thu Sep 09 15:53:28 COT 2021): <Comprobante:getFileExtracted> (/) getFileExtracted process successfully.
(Thu Sep 09 15:53:28 COT 2021): <Comprobante:getFileExtracted> (1/) Starting getFileExtracted process.
(Thu Sep 09 15:53:28 COT 2021): <Comprobante:getFileExtracted> (/) Starting extracting Adjustment.
(Thu Sep 09 15:53:28 COT 2021): <Comprobante:getFileExtracted> (/) Extracting Adjustment successfully.
(Thu Sep 09 15:53:28 COT 2021): <Comprobante:getFileExtracted> (/) getFileExtracted process successfully.
(Thu Sep 09 15:53:29 COT 2021): <Comprobante:getFileExtracted> (1/) Starting getFileExtracted process.
(Thu Sep 09 15:53:29 COT 2021): <Comprobante:getFileExtracted> (/) Starting extracting Adjustment.
(Thu Sep 09 15:53:29 COT 2021): <Comprobante:getFileExtracted> (/) Extracting Adjustment successfully.
(Thu Sep 09 15:53:29 COT 2021): <Comprobante:getFileExtracted> (/) getFileExtracted process successfully.
(Thu Sep 09 15:53:29 COT 2021): <Comprobante:getFileExtracted> (1/) Starting getFileExtracted process.
(Thu Sep 09 15:53:29 COT 2021): <Comprobante:getFileExtracted> (/) Starting extracting Adjustment.
(Thu Sep 09 15:53:29 COT 2021): <Comprobante:getFileExtracted> (/) Extracting Adjustment successfully.
(Thu Sep 09 15:53:29 COT 2021): <Comprobante:getFileExtracted> (/) getFileExtracted process successfully.
(Thu Sep 09 15:53:29 COT 2021): <Comprobante:getFileExtracted> (1/) Starting getFileExtracted process.
(Thu Sep 09 15:53:29 COT 2021): <Comprobante:getFileExtracted> (/) Starting extracting Adjustment.
(Thu Sep 09 15:53:29 COT 2021): <Comprobante:getFileExtracted> (/) Extracting Adjustment successfully.
(Thu Sep 09 15:53:29 COT 2021): <Comprobante:getFileExtracted> (/) getFileExtracted process successfully.
(Thu Sep 09 15:53:29 COT 2021): <Comprobante:getFileExtracted> (1/) Starting getFileExtracted process.
(Thu Sep 09 15:53:29 COT 2021): <Comprobante:getFileExtracted> (/) Starting extracting Adjustment.
(Thu Sep 09 15:53:29 COT 2021): <Comprobante:getFileExtracted> (/) Extracting Adjustment successfully.
(Thu Sep 09 15:53:29 COT 2021): <Comprobante:getFileExtracted> (/) getFileExtracted process successfully.
(Thu Sep 09 15:53:30 COT 2021): <Comprobante:getFileExtracted> (1/) Starting getFileExtracted process.
(Thu Sep 09 15:53:30 COT 2021): <Comprobante:getFileExtracted> (/) Starting extracting Adjustment.
(Thu Sep 09 15:53:30 COT 2021): <Comprobante:getFileExtracted> (/) Extracting Adjustment successfully.
(Thu Sep 09 15:53:30 COT 2021): <Comprobante:getFileExtracted> (/) getFileExtracted process successfully.
(Thu Sep 09 15:53:30 COT 2021): <Comprobante:getFileExtracted> (1/) Starting getFileExtracted process.
(Thu Sep 09 15:53:30 COT 2021): <Comprobante:getFileExtracted> (/) Starting extracting Adjustment.
(Thu Sep 09 15:53:30 COT 2021): <Comprobante:getFileExtracted> (/) Extracting Adjustment successfully.
(Thu Sep 09 15:53:30 COT 2021): <Comprobante:getFileExtracted> (/) getFileExtracted process successfully.
(Thu Sep 09 15:53:30 COT 2021): <Comprobante:getFileExtracted> (1/) Starting getFileExtracted process.
(Thu Sep 09 15:53:30 COT 2021): <Comprobante:getFileExtracted> (/) Starting extracting Adjustment.
(Thu Sep 09 15:53:30 COT 2021): <Comprobante:getFileExtracted> (/) Extracting Adjustment successfully.
(Thu Sep 09 15:53:30 COT 2021): <Comprobante:getFileExtracted> (/) getFileExtracted process successfully.
(Thu Sep 09 15:53:30 COT 2021): <Comprobante:getFileExtracted> (1/) Starting getFileExtracted process.
(Thu Sep 09 15:53:30 COT 2021): <Comprobante:getFileExtracted> (/) Starting extracting Adjustment.
(Thu Sep 09 15:53:30 COT 2021): <Comprobante:getFileExtracted> (/) Extracting Adjustment successfully.
(Thu Sep 09 15:53:30 COT 2021): <Comprobante:getFileExtracted> (/) getFileExtracted process successfully.
(Thu Sep 09 15:53:31 COT 2021): <Comprobante:getFileExtracted> (1/) Starting getFileExtracted process.
(Thu Sep 09 15:53:31 COT 2021): <Comprobante:getFileExtracted> (/) Starting extracting Adjustment.
(Thu Sep 09 15:53:31 COT 2021): <Comprobante:getFileExtracted> (/) Extracting Adjustment successfully.
(Thu Sep 09 15:53:31 COT 2021): <Comprobante:getFileExtracted> (/) getFileExtracted process successfully.
(Thu Sep 09 15:53:31 COT 2021): <Comprobante:getFileExtracted> (1/) Starting getFileExtracted process.
(Thu Sep 09 15:53:31 COT 2021): <Comprobante:getFileExtracted> (/) Starting extracting Adjustment.
(Thu Sep 09 15:53:31 COT 2021): <Comprobante:getFileExtracted> (/) Extracting Adjustment successfully.
(Thu Sep 09 15:53:31 COT 2021): <Comprobante:getFileExtracted> (/) getFileExtracted process successfully.
(Thu Sep 09 15:53:31 COT 2021): <Comprobante:getFileExtracted> (1/) Starting getFileExtracted process.
(Thu Sep 09 15:53:31 COT 2021): <Comprobante:getFileExtracted> (/) Starting extracting Adjustment.
(Thu Sep 09 15:53:31 COT 2021): <Comprobante:getFileExtracted> (/) Extracting Adjustment successfully.
(Thu Sep 09 15:53:31 COT 2021): <Comprobante:getFileExtracted> (/) getFileExtracted process successfully.
(Thu Sep 09 15:53:32 COT 2021): <Comprobante:getFileExtracted> (1/) Starting getFileExtracted process.
(Thu Sep 09 15:53:32 COT 2021): <Comprobante:getFileExtracted> (/) Starting extracting Adjustment.
(Thu Sep 09 15:53:32 COT 2021): <Comprobante:getFileExtracted> (/) Extracting Adjustment successfully.
(Thu Sep 09 15:53:32 COT 2021): <Comprobante:getFileExtracted> (/) getFileExtracted process successfully.
(Thu Sep 09 15:53:32 COT 2021): <Comprobante:getFileExtracted> (1/) Starting getFileExtracted process.
(Thu Sep 09 15:53:32 COT 2021): <Comprobante:getFileExtracted> (/) Starting extracting Adjustment.
(Thu Sep 09 15:53:32 COT 2021): <Comprobante:getFileExtracted> (/) Extracting Adjustment successfully.
(Thu Sep 09 15:53:32 COT 2021): <Comprobante:getFileExtracted> (/) getFileExtracted process successfully.
(Thu Sep 09 15:53:32 COT 2021): <Comprobante:getFileExtracted> (1/) Starting getFileExtracted process.
(Thu Sep 09 15:53:32 COT 2021): <Comprobante:getFileExtracted> (/) Starting extracting Adjustment.
(Thu Sep 09 15:53:32 COT 2021): <Comprobante:getFileExtracted> (/) Extracting Adjustment successfully.
(Thu Sep 09 15:56:08 COT 2021): <Comprobante:Comprobante> (1/2) Starting conection to data base.
(Thu Sep 09 15:56:11 COT 2021): <Comprobante:Comprobante> (2/2) conection to data base successfully.
(Thu Sep 09 15:56:12 COT 2021): <Comprobante:getFileExtracted> (1/) Starting getFileExtracted process.
(Thu Sep 09 15:56:12 COT 2021): <Comprobante:getFileExtracted> (/) Starting extracting Adjustment.
(Thu Sep 09 15:56:12 COT 2021): <Xml:ObjectToXML> (1/7) Starting the XML generation process.
(Thu Sep 09 15:56:12 COT 2021): <Xml:ObjectToXML> (2/7) Create JAXB Context.
(Thu Sep 09 15:56:12 COT 2021): <Xml:ObjectToXML> (3/7) Create Marshaller.
(Thu Sep 09 15:56:12 COT 2021): <Xml:ObjectToXML> (4/7) Required formatting??
(Thu Sep 09 15:56:12 COT 2021): <Xml:ObjectToXML> (5/7) Print XML String to Console.
(Thu Sep 09 15:56:12 COT 2021): <Xml:ObjectToXML> (6/7) Write XML to StringWriter.
(Thu Sep 09 15:56:12 COT 2021): <Xml:ObjectToXML> (6.5/7) XML generation process end whit errors.
(Thu Sep 09 15:56:12 COT 2021): <Xml:ObjectToXML> (Errors) null
(Thu Sep 09 15:56:13 COT 2021): <Comprobante:getFileExtracted> (/) Extracting Adjustment successfully.
(Thu Sep 09 15:56:13 COT 2021): <Comprobante:getFileExtracted> (/) getFileExtracted process successfully.
(Thu Sep 09 15:56:13 COT 2021): <Comprobante:getFileExtracted> (1/) Starting getFileExtracted process.
(Thu Sep 09 15:56:13 COT 2021): <Comprobante:getFileExtracted> (/) Starting extracting Adjustment.
(Thu Sep 09 15:56:13 COT 2021): <Xml:ObjectToXML> (1/7) Starting the XML generation process.
(Thu Sep 09 15:56:13 COT 2021): <Xml:ObjectToXML> (2/7) Create JAXB Context.
(Thu Sep 09 15:56:13 COT 2021): <Xml:ObjectToXML> (3/7) Create Marshaller.
(Thu Sep 09 15:56:13 COT 2021): <Xml:ObjectToXML> (4/7) Required formatting??
(Thu Sep 09 15:56:13 COT 2021): <Xml:ObjectToXML> (5/7) Print XML String to Console.
(Thu Sep 09 15:56:13 COT 2021): <Xml:ObjectToXML> (6/7) Write XML to StringWriter.
(Thu Sep 09 15:56:13 COT 2021): <Xml:ObjectToXML> (6.5/7) XML generation process end whit errors.
(Thu Sep 09 15:56:13 COT 2021): <Xml:ObjectToXML> (Errors) null
(Thu Sep 09 15:56:13 COT 2021): <Comprobante:getFileExtracted> (/) Extracting Adjustment successfully.
(Thu Sep 09 15:56:13 COT 2021): <Comprobante:getFileExtracted> (/) getFileExtracted process successfully.
(Thu Sep 09 15:56:13 COT 2021): <Comprobante:getFileExtracted> (1/) Starting getFileExtracted process.
(Thu Sep 09 15:56:13 COT 2021): <Comprobante:getFileExtracted> (/) Starting extracting Adjustment.
(Thu Sep 09 15:56:13 COT 2021): <Xml:ObjectToXML> (1/7) Starting the XML generation process.
(Thu Sep 09 15:56:13 COT 2021): <Xml:ObjectToXML> (2/7) Create JAXB Context.
(Thu Sep 09 15:56:13 COT 2021): <Xml:ObjectToXML> (3/7) Create Marshaller.
(Thu Sep 09 15:56:13 COT 2021): <Xml:ObjectToXML> (4/7) Required formatting??
(Thu Sep 09 15:56:13 COT 2021): <Xml:ObjectToXML> (5/7) Print XML String to Console.
(Thu Sep 09 15:56:13 COT 2021): <Xml:ObjectToXML> (6/7) Write XML to StringWriter.
(Thu Sep 09 15:56:13 COT 2021): <Xml:ObjectToXML> (6.5/7) XML generation process end whit errors.
(Thu Sep 09 15:56:13 COT 2021): <Xml:ObjectToXML> (Errors) null
(Thu Sep 09 15:56:13 COT 2021): <Comprobante:getFileExtracted> (/) Extracting Adjustment successfully.
(Thu Sep 09 15:56:13 COT 2021): <Comprobante:getFileExtracted> (/) getFileExtracted process successfully.
(Thu Sep 09 15:56:13 COT 2021): <Comprobante:getFileExtracted> (1/) Starting getFileExtracted process.
(Thu Sep 09 15:56:13 COT 2021): <Comprobante:getFileExtracted> (/) Starting extracting Adjustment.
(Thu Sep 09 15:56:13 COT 2021): <Xml:ObjectToXML> (1/7) Starting the XML generation process.
(Thu Sep 09 15:56:13 COT 2021): <Xml:ObjectToXML> (2/7) Create JAXB Context.
(Thu Sep 09 15:56:13 COT 2021): <Xml:ObjectToXML> (3/7) Create Marshaller.
(Thu Sep 09 15:56:13 COT 2021): <Xml:ObjectToXML> (4/7) Required formatting??
(Thu Sep 09 15:56:13 COT 2021): <Xml:ObjectToXML> (5/7) Print XML String to Console.
(Thu Sep 09 15:56:13 COT 2021): <Xml:ObjectToXML> (6/7) Write XML to StringWriter.
(Thu Sep 09 15:56:13 COT 2021): <Xml:ObjectToXML> (6.5/7) XML generation process end whit errors.
(Thu Sep 09 15:56:13 COT 2021): <Xml:ObjectToXML> (Errors) null
(Thu Sep 09 15:56:13 COT 2021): <Comprobante:getFileExtracted> (/) Extracting Adjustment successfully.
(Thu Sep 09 15:56:13 COT 2021): <Comprobante:getFileExtracted> (/) getFileExtracted process successfully.
(Thu Sep 09 15:56:14 COT 2021): <Comprobante:getFileExtracted> (1/) Starting getFileExtracted process.
(Thu Sep 09 15:56:14 COT 2021): <Comprobante:getFileExtracted> (/) Starting extracting Adjustment.
(Thu Sep 09 15:56:14 COT 2021): <Xml:ObjectToXML> (1/7) Starting the XML generation process.
(Thu Sep 09 15:56:14 COT 2021): <Xml:ObjectToXML> (2/7) Create JAXB Context.
(Thu Sep 09 15:56:14 COT 2021): <Xml:ObjectToXML> (3/7) Create Marshaller.
(Thu Sep 09 15:56:14 COT 2021): <Xml:ObjectToXML> (4/7) Required formatting??
(Thu Sep 09 15:56:14 COT 2021): <Xml:ObjectToXML> (5/7) Print XML String to Console.
(Thu Sep 09 15:56:14 COT 2021): <Xml:ObjectToXML> (6/7) Write XML to StringWriter.
(Thu Sep 09 15:56:14 COT 2021): <Xml:ObjectToXML> (6.5/7) XML generation process end whit errors.
(Thu Sep 09 15:56:14 COT 2021): <Xml:ObjectToXML> (Errors) null
(Thu Sep 09 15:56:14 COT 2021): <Comprobante:getFileExtracted> (/) Extracting Adjustment successfully.
(Thu Sep 09 15:56:14 COT 2021): <Comprobante:getFileExtracted> (/) getFileExtracted process successfully.
(Thu Sep 09 15:56:14 COT 2021): <Comprobante:getFileExtracted> (1/) Starting getFileExtracted process.
(Thu Sep 09 15:56:14 COT 2021): <Comprobante:getFileExtracted> (/) Starting extracting Adjustment.
(Thu Sep 09 15:56:14 COT 2021): <Xml:ObjectToXML> (1/7) Starting the XML generation process.
(Thu Sep 09 15:56:14 COT 2021): <Xml:ObjectToXML> (2/7) Create JAXB Context.
(Thu Sep 09 15:56:14 COT 2021): <Xml:ObjectToXML> (3/7) Create Marshaller.
(Thu Sep 09 15:56:14 COT 2021): <Xml:ObjectToXML> (4/7) Required formatting??
(Thu Sep 09 15:56:14 COT 2021): <Xml:ObjectToXML> (5/7) Print XML String to Console.
(Thu Sep 09 15:56:14 COT 2021): <Xml:ObjectToXML> (6/7) Write XML to StringWriter.
(Thu Sep 09 15:56:14 COT 2021): <Xml:ObjectToXML> (6.5/7) XML generation process end whit errors.
(Thu Sep 09 15:56:14 COT 2021): <Xml:ObjectToXML> (Errors) null
(Thu Sep 09 15:56:14 COT 2021): <Comprobante:getFileExtracted> (/) Extracting Adjustment successfully.
(Thu Sep 09 15:56:14 COT 2021): <Comprobante:getFileExtracted> (/) getFileExtracted process successfully.
(Thu Sep 09 15:56:14 COT 2021): <Comprobante:getFileExtracted> (1/) Starting getFileExtracted process.
(Thu Sep 09 15:56:14 COT 2021): <Comprobante:getFileExtracted> (/) Starting extracting Adjustment.
(Thu Sep 09 15:56:14 COT 2021): <Xml:ObjectToXML> (1/7) Starting the XML generation process.
(Thu Sep 09 15:56:14 COT 2021): <Xml:ObjectToXML> (2/7) Create JAXB Context.
(Thu Sep 09 15:56:14 COT 2021): <Xml:ObjectToXML> (3/7) Create Marshaller.
(Thu Sep 09 15:56:14 COT 2021): <Xml:ObjectToXML> (4/7) Required formatting??
(Thu Sep 09 15:56:14 COT 2021): <Xml:ObjectToXML> (5/7) Print XML String to Console.
(Thu Sep 09 15:56:14 COT 2021): <Xml:ObjectToXML> (6/7) Write XML to StringWriter.
(Thu Sep 09 15:56:14 COT 2021): <Xml:ObjectToXML> (6.5/7) XML generation process end whit errors.
(Thu Sep 09 15:56:14 COT 2021): <Xml:ObjectToXML> (Errors) null
(Thu Sep 09 15:56:14 COT 2021): <Comprobante:getFileExtracted> (/) Extracting Adjustment successfully.
(Thu Sep 09 15:56:14 COT 2021): <Comprobante:getFileExtracted> (/) getFileExtracted process successfully.
(Thu Sep 09 15:56:14 COT 2021): <Comprobante:getFileExtracted> (1/) Starting getFileExtracted process.
(Thu Sep 09 15:56:15 COT 2021): <Comprobante:getFileExtracted> (/) Starting extracting Adjustment.
(Thu Sep 09 15:56:15 COT 2021): <Xml:ObjectToXML> (1/7) Starting the XML generation process.
(Thu Sep 09 15:56:15 COT 2021): <Xml:ObjectToXML> (2/7) Create JAXB Context.
(Thu Sep 09 15:56:15 COT 2021): <Xml:ObjectToXML> (3/7) Create Marshaller.
(Thu Sep 09 15:56:15 COT 2021): <Xml:ObjectToXML> (4/7) Required formatting??
(Thu Sep 09 15:56:15 COT 2021): <Xml:ObjectToXML> (5/7) Print XML String to Console.
(Thu Sep 09 15:56:15 COT 2021): <Xml:ObjectToXML> (6/7) Write XML to StringWriter.
(Thu Sep 09 15:56:15 COT 2021): <Xml:ObjectToXML> (6.5/7) XML generation process end whit errors.
(Thu Sep 09 15:56:15 COT 2021): <Xml:ObjectToXML> (Errors) null
(Thu Sep 09 15:56:15 COT 2021): <Comprobante:getFileExtracted> (/) Extracting Adjustment successfully.
(Thu Sep 09 15:56:15 COT 2021): <Comprobante:getFileExtracted> (/) getFileExtracted process successfully.
(Thu Sep 09 15:56:15 COT 2021): <Comprobante:getFileExtracted> (1/) Starting getFileExtracted process.
(Thu Sep 09 15:56:15 COT 2021): <Comprobante:getFileExtracted> (/) Starting extracting Adjustment.
(Thu Sep 09 15:56:15 COT 2021): <Xml:ObjectToXML> (1/7) Starting the XML generation process.
(Thu Sep 09 15:56:15 COT 2021): <Xml:ObjectToXML> (2/7) Create JAXB Context.
(Thu Sep 09 15:56:15 COT 2021): <Xml:ObjectToXML> (3/7) Create Marshaller.
(Thu Sep 09 15:56:15 COT 2021): <Xml:ObjectToXML> (4/7) Required formatting??
(Thu Sep 09 15:56:15 COT 2021): <Xml:ObjectToXML> (5/7) Print XML String to Console.
(Thu Sep 09 15:56:15 COT 2021): <Xml:ObjectToXML> (6/7) Write XML to StringWriter.
(Thu Sep 09 15:56:15 COT 2021): <Xml:ObjectToXML> (6.5/7) XML generation process end whit errors.
(Thu Sep 09 15:56:15 COT 2021): <Xml:ObjectToXML> (Errors) null
(Thu Sep 09 15:56:15 COT 2021): <Comprobante:getFileExtracted> (/) Extracting Adjustment successfully.
(Thu Sep 09 15:56:15 COT 2021): <Comprobante:getFileExtracted> (/) getFileExtracted process successfully.
(Thu Sep 09 15:56:15 COT 2021): <Comprobante:getFileExtracted> (1/) Starting getFileExtracted process.
(Thu Sep 09 15:56:15 COT 2021): <Comprobante:getFileExtracted> (/) Starting extracting Adjustment.
(Thu Sep 09 15:56:15 COT 2021): <Xml:ObjectToXML> (1/7) Starting the XML generation process.
(Thu Sep 09 15:56:15 COT 2021): <Xml:ObjectToXML> (2/7) Create JAXB Context.
(Thu Sep 09 15:56:15 COT 2021): <Xml:ObjectToXML> (3/7) Create Marshaller.
(Thu Sep 09 15:56:15 COT 2021): <Xml:ObjectToXML> (4/7) Required formatting??
(Thu Sep 09 15:56:15 COT 2021): <Xml:ObjectToXML> (5/7) Print XML String to Console.
(Thu Sep 09 15:56:15 COT 2021): <Xml:ObjectToXML> (6/7) Write XML to StringWriter.
(Thu Sep 09 15:56:15 COT 2021): <Xml:ObjectToXML> (6.5/7) XML generation process end whit errors.
(Thu Sep 09 15:56:15 COT 2021): <Xml:ObjectToXML> (Errors) null
(Thu Sep 09 15:56:15 COT 2021): <Comprobante:getFileExtracted> (/) Extracting Adjustment successfully.
(Thu Sep 09 15:56:15 COT 2021): <Comprobante:getFileExtracted> (/) getFileExtracted process successfully.
(Thu Sep 09 15:56:15 COT 2021): <Comprobante:getFileExtracted> (1/) Starting getFileExtracted process.
(Thu Sep 09 15:56:15 COT 2021): <Comprobante:getFileExtracted> (/) Starting extracting Adjustment.
(Thu Sep 09 15:56:15 COT 2021): <Xml:ObjectToXML> (1/7) Starting the XML generation process.
(Thu Sep 09 15:56:15 COT 2021): <Xml:ObjectToXML> (2/7) Create JAXB Context.
(Thu Sep 09 15:56:15 COT 2021): <Xml:ObjectToXML> (3/7) Create Marshaller.
(Thu Sep 09 15:56:15 COT 2021): <Xml:ObjectToXML> (4/7) Required formatting??
(Thu Sep 09 15:56:15 COT 2021): <Xml:ObjectToXML> (5/7) Print XML String to Console.
(Thu Sep 09 15:56:16 COT 2021): <Xml:ObjectToXML> (6/7) Write XML to StringWriter.
(Thu Sep 09 15:56:16 COT 2021): <Xml:ObjectToXML> (6.5/7) XML generation process end whit errors.
(Thu Sep 09 15:56:16 COT 2021): <Xml:ObjectToXML> (Errors) null
(Thu Sep 09 15:56:16 COT 2021): <Comprobante:getFileExtracted> (/) Extracting Adjustment successfully.
(Thu Sep 09 15:56:16 COT 2021): <Comprobante:getFileExtracted> (/) getFileExtracted process successfully.
(Thu Sep 09 15:56:16 COT 2021): <Comprobante:getFileExtracted> (1/) Starting getFileExtracted process.
(Thu Sep 09 15:56:16 COT 2021): <Comprobante:getFileExtracted> (/) Starting extracting Adjustment.
(Thu Sep 09 15:56:16 COT 2021): <Xml:ObjectToXML> (1/7) Starting the XML generation process.
(Thu Sep 09 15:56:16 COT 2021): <Xml:ObjectToXML> (2/7) Create JAXB Context.
(Thu Sep 09 15:56:16 COT 2021): <Xml:ObjectToXML> (3/7) Create Marshaller.
(Thu Sep 09 15:56:16 COT 2021): <Xml:ObjectToXML> (4/7) Required formatting??
(Thu Sep 09 15:56:16 COT 2021): <Xml:ObjectToXML> (5/7) Print XML String to Console.
(Thu Sep 09 15:56:16 COT 2021): <Xml:ObjectToXML> (6/7) Write XML to StringWriter.
(Thu Sep 09 15:56:16 COT 2021): <Xml:ObjectToXML> (6.5/7) XML generation process end whit errors.
(Thu Sep 09 15:56:16 COT 2021): <Xml:ObjectToXML> (Errors) null
(Thu Sep 09 15:56:16 COT 2021): <Comprobante:getFileExtracted> (/) Extracting Adjustment successfully.
(Thu Sep 09 15:56:16 COT 2021): <Comprobante:getFileExtracted> (/) getFileExtracted process successfully.
(Thu Sep 09 15:56:16 COT 2021): <Comprobante:getFileExtracted> (1/) Starting getFileExtracted process.
(Thu Sep 09 15:56:16 COT 2021): <Comprobante:getFileExtracted> (/) Starting extracting Adjustment.
(Thu Sep 09 15:56:16 COT 2021): <Xml:ObjectToXML> (1/7) Starting the XML generation process.
(Thu Sep 09 15:56:16 COT 2021): <Xml:ObjectToXML> (2/7) Create JAXB Context.
(Thu Sep 09 15:56:16 COT 2021): <Xml:ObjectToXML> (3/7) Create Marshaller.
(Thu Sep 09 15:56:16 COT 2021): <Xml:ObjectToXML> (4/7) Required formatting??
(Thu Sep 09 15:56:16 COT 2021): <Xml:ObjectToXML> (5/7) Print XML String to Console.
(Thu Sep 09 15:56:16 COT 2021): <Xml:ObjectToXML> (6/7) Write XML to StringWriter.
(Thu Sep 09 15:56:16 COT 2021): <Xml:ObjectToXML> (6.5/7) XML generation process end whit errors.
(Thu Sep 09 15:56:16 COT 2021): <Xml:ObjectToXML> (Errors) null
(Thu Sep 09 15:56:16 COT 2021): <Comprobante:getFileExtracted> (/) Extracting Adjustment successfully.
(Thu Sep 09 15:56:16 COT 2021): <Comprobante:getFileExtracted> (/) getFileExtracted process successfully.
(Thu Sep 09 15:56:16 COT 2021): <Comprobante:getFileExtracted> (1/) Starting getFileExtracted process.
(Thu Sep 09 15:56:16 COT 2021): <Comprobante:getFileExtracted> (/) Starting extracting Adjustment.
(Thu Sep 09 15:56:16 COT 2021): <Xml:ObjectToXML> (1/7) Starting the XML generation process.
(Thu Sep 09 15:56:16 COT 2021): <Xml:ObjectToXML> (2/7) Create JAXB Context.
(Thu Sep 09 15:56:16 COT 2021): <Xml:ObjectToXML> (3/7) Create Marshaller.
(Thu Sep 09 15:56:16 COT 2021): <Xml:ObjectToXML> (4/7) Required formatting??
(Thu Sep 09 15:56:16 COT 2021): <Xml:ObjectToXML> (5/7) Print XML String to Console.
(Thu Sep 09 15:56:16 COT 2021): <Xml:ObjectToXML> (6/7) Write XML to StringWriter.
(Thu Sep 09 15:56:16 COT 2021): <Xml:ObjectToXML> (6.5/7) XML generation process end whit errors.
(Thu Sep 09 15:56:16 COT 2021): <Xml:ObjectToXML> (Errors) null
(Thu Sep 09 15:56:17 COT 2021): <Comprobante:getFileExtracted> (/) Extracting Adjustment successfully.
(Thu Sep 09 15:56:17 COT 2021): <Comprobante:getFileExtracted> (/) getFileExtracted process successfully.
(Thu Sep 09 15:56:17 COT 2021): <Comprobante:getFileExtracted> (1/) Starting getFileExtracted process.
(Thu Sep 09 15:56:17 COT 2021): <Comprobante:getFileExtracted> (/) Starting extracting Adjustment.
(Thu Sep 09 15:56:17 COT 2021): <Xml:ObjectToXML> (1/7) Starting the XML generation process.
(Thu Sep 09 15:56:17 COT 2021): <Xml:ObjectToXML> (2/7) Create JAXB Context.
(Thu Sep 09 15:56:17 COT 2021): <Xml:ObjectToXML> (3/7) Create Marshaller.
(Thu Sep 09 15:56:17 COT 2021): <Xml:ObjectToXML> (4/7) Required formatting??
(Thu Sep 09 15:56:17 COT 2021): <Xml:ObjectToXML> (5/7) Print XML String to Console.
(Thu Sep 09 15:56:17 COT 2021): <Xml:ObjectToXML> (6/7) Write XML to StringWriter.
(Thu Sep 09 15:56:17 COT 2021): <Xml:ObjectToXML> (6.5/7) XML generation process end whit errors.
(Thu Sep 09 15:56:17 COT 2021): <Xml:ObjectToXML> (Errors) null
(Thu Sep 09 15:56:17 COT 2021): <Comprobante:getFileExtracted> (/) Extracting Adjustment successfully.
(Thu Sep 09 15:56:17 COT 2021): <Comprobante:getFileExtracted> (/) getFileExtracted process successfully.
(Thu Sep 09 15:56:17 COT 2021): <Comprobante:getFileExtracted> (1/) Starting getFileExtracted process.
(Thu Sep 09 15:56:17 COT 2021): <Comprobante:getFileExtracted> (/) Starting extracting Adjustment.
(Thu Sep 09 15:56:17 COT 2021): <Xml:ObjectToXML> (1/7) Starting the XML generation process.
(Thu Sep 09 15:56:17 COT 2021): <Xml:ObjectToXML> (2/7) Create JAXB Context.
(Thu Sep 09 15:56:17 COT 2021): <Xml:ObjectToXML> (3/7) Create Marshaller.
(Thu Sep 09 15:56:17 COT 2021): <Xml:ObjectToXML> (4/7) Required formatting??
(Thu Sep 09 15:56:17 COT 2021): <Xml:ObjectToXML> (5/7) Print XML String to Console.
(Thu Sep 09 15:56:17 COT 2021): <Xml:ObjectToXML> (6/7) Write XML to StringWriter.
(Thu Sep 09 15:56:17 COT 2021): <Xml:ObjectToXML> (6.5/7) XML generation process end whit errors.
(Thu Sep 09 15:56:17 COT 2021): <Xml:ObjectToXML> (Errors) null
(Thu Sep 09 15:56:17 COT 2021): <Comprobante:getFileExtracted> (/) Extracting Adjustment successfully.
(Thu Sep 09 15:56:17 COT 2021): <Comprobante:getFileExtracted> (/) getFileExtracted process successfully.
(Thu Sep 09 15:56:17 COT 2021): <Comprobante:getFileExtracted> (1/) Starting getFileExtracted process.
(Thu Sep 09 15:56:17 COT 2021): <Comprobante:getFileExtracted> (/) Starting extracting Adjustment.
(Thu Sep 09 15:56:18 COT 2021): <Xml:ObjectToXML> (1/7) Starting the XML generation process.
(Thu Sep 09 15:56:18 COT 2021): <Xml:ObjectToXML> (2/7) Create JAXB Context.
(Thu Sep 09 15:56:18 COT 2021): <Xml:ObjectToXML> (3/7) Create Marshaller.
(Thu Sep 09 15:56:18 COT 2021): <Xml:ObjectToXML> (4/7) Required formatting??
(Thu Sep 09 15:56:18 COT 2021): <Xml:ObjectToXML> (5/7) Print XML String to Console.
(Thu Sep 09 15:56:18 COT 2021): <Xml:ObjectToXML> (6/7) Write XML to StringWriter.
(Thu Sep 09 15:56:18 COT 2021): <Xml:ObjectToXML> (6.5/7) XML generation process end whit errors.
(Thu Sep 09 15:56:18 COT 2021): <Xml:ObjectToXML> (Errors) null
(Thu Sep 09 15:56:18 COT 2021): <Comprobante:getFileExtracted> (/) Extracting Adjustment successfully.
(Thu Sep 09 15:56:18 COT 2021): <Comprobante:getFileExtracted> (/) getFileExtracted process successfully.
(Thu Sep 09 15:56:48 COT 2021): <Comprobante:Comprobante> (1/2) Starting conection to data base.
(Thu Sep 09 15:56:51 COT 2021): <Comprobante:Comprobante> (2/2) conection to data base successfully.
(Thu Sep 09 15:56:52 COT 2021): <Comprobante:getFileExtracted> (1/) Starting getFileExtracted process.
(Thu Sep 09 15:56:52 COT 2021): <Comprobante:getFileExtracted> (/) Starting extracting Adjustment.
(Thu Sep 09 15:56:52 COT 2021): <Xml:ObjectToXML> (1/7) Starting the XML generation process.
(Thu Sep 09 15:56:52 COT 2021): <Xml:ObjectToXML> (2/7) Create JAXB Context.
(Thu Sep 09 15:56:52 COT 2021): <Xml:ObjectToXML> (3/7) Create Marshaller.
(Thu Sep 09 15:56:52 COT 2021): <Xml:ObjectToXML> (4/7) Required formatting??
(Thu Sep 09 15:56:52 COT 2021): <Xml:ObjectToXML> (5/7) Print XML String to Console.
(Thu Sep 09 15:56:52 COT 2021): <Xml:ObjectToXML> (6/7) Write XML to StringWriter.
(Thu Sep 09 15:56:52 COT 2021): <Xml:ObjectToXML> (6.5/7) XML generation process end whit errors.
(Thu Sep 09 15:56:52 COT 2021): <Xml:ObjectToXML> (Errors) null
(Thu Sep 09 15:56:52 COT 2021): <Comprobante:getFileExtracted> (/) Extracting Adjustment successfully.
(Thu Sep 09 15:56:52 COT 2021): <Comprobante:getFileExtracted> (/) getFileExtracted process successfully.
(Thu Sep 09 15:56:52 COT 2021): <Comprobante:getFileExtracted> (1/) Starting getFileExtracted process.
(Thu Sep 09 15:56:52 COT 2021): <Comprobante:getFileExtracted> (/) Starting extracting Adjustment.
(Thu Sep 09 15:56:52 COT 2021): <Xml:ObjectToXML> (1/7) Starting the XML generation process.
(Thu Sep 09 15:56:52 COT 2021): <Xml:ObjectToXML> (2/7) Create JAXB Context.
(Thu Sep 09 15:56:52 COT 2021): <Xml:ObjectToXML> (3/7) Create Marshaller.
(Thu Sep 09 15:56:52 COT 2021): <Xml:ObjectToXML> (4/7) Required formatting??
(Thu Sep 09 15:56:52 COT 2021): <Xml:ObjectToXML> (5/7) Print XML String to Console.
(Thu Sep 09 15:56:52 COT 2021): <Xml:ObjectToXML> (6/7) Write XML to StringWriter.
(Thu Sep 09 15:56:52 COT 2021): <Xml:ObjectToXML> (6.5/7) XML generation process end whit errors.
(Thu Sep 09 15:56:52 COT 2021): <Xml:ObjectToXML> (Errors) null
(Thu Sep 09 15:56:52 COT 2021): <Comprobante:getFileExtracted> (/) Extracting Adjustment successfully.
(Thu Sep 09 15:56:52 COT 2021): <Comprobante:getFileExtracted> (/) getFileExtracted process successfully.
(Thu Sep 09 15:56:52 COT 2021): <Comprobante:getFileExtracted> (1/) Starting getFileExtracted process.
(Thu Sep 09 15:56:52 COT 2021): <Comprobante:getFileExtracted> (/) Starting extracting Adjustment.
(Thu Sep 09 15:56:52 COT 2021): <Xml:ObjectToXML> (1/7) Starting the XML generation process.
(Thu Sep 09 15:56:52 COT 2021): <Xml:ObjectToXML> (2/7) Create JAXB Context.
(Thu Sep 09 15:56:52 COT 2021): <Xml:ObjectToXML> (3/7) Create Marshaller.
(Thu Sep 09 15:56:52 COT 2021): <Xml:ObjectToXML> (4/7) Required formatting??
(Thu Sep 09 15:56:52 COT 2021): <Xml:ObjectToXML> (5/7) Print XML String to Console.
(Thu Sep 09 15:56:52 COT 2021): <Xml:ObjectToXML> (6/7) Write XML to StringWriter.
(Thu Sep 09 15:56:52 COT 2021): <Xml:ObjectToXML> (6.5/7) XML generation process end whit errors.
(Thu Sep 09 15:56:52 COT 2021): <Xml:ObjectToXML> (Errors) null
(Thu Sep 09 15:56:52 COT 2021): <Comprobante:getFileExtracted> (/) Extracting Adjustment successfully.
(Thu Sep 09 15:56:52 COT 2021): <Comprobante:getFileExtracted> (/) getFileExtracted process successfully.
(Thu Sep 09 15:56:53 COT 2021): <Comprobante:getFileExtracted> (1/) Starting getFileExtracted process.
(Thu Sep 09 15:56:53 COT 2021): <Comprobante:getFileExtracted> (/) Starting extracting Adjustment.
(Thu Sep 09 15:56:53 COT 2021): <Xml:ObjectToXML> (1/7) Starting the XML generation process.
(Thu Sep 09 15:56:53 COT 2021): <Xml:ObjectToXML> (2/7) Create JAXB Context.
(Thu Sep 09 15:56:53 COT 2021): <Xml:ObjectToXML> (3/7) Create Marshaller.
(Thu Sep 09 15:56:53 COT 2021): <Xml:ObjectToXML> (4/7) Required formatting??
(Thu Sep 09 15:56:53 COT 2021): <Xml:ObjectToXML> (5/7) Print XML String to Console.
(Thu Sep 09 15:56:53 COT 2021): <Xml:ObjectToXML> (6/7) Write XML to StringWriter.
(Thu Sep 09 15:56:53 COT 2021): <Xml:ObjectToXML> (6.5/7) XML generation process end whit errors.
(Thu Sep 09 15:56:53 COT 2021): <Xml:ObjectToXML> (Errors) null
(Thu Sep 09 15:56:53 COT 2021): <Comprobante:getFileExtracted> (/) Extracting Adjustment successfully.
(Thu Sep 09 15:56:53 COT 2021): <Comprobante:getFileExtracted> (/) getFileExtracted process successfully.
(Thu Sep 09 15:56:53 COT 2021): <Comprobante:getFileExtracted> (1/) Starting getFileExtracted process.
(Thu Sep 09 15:56:53 COT 2021): <Comprobante:getFileExtracted> (/) Starting extracting Adjustment.
(Thu Sep 09 15:56:53 COT 2021): <Xml:ObjectToXML> (1/7) Starting the XML generation process.
(Thu Sep 09 15:56:53 COT 2021): <Xml:ObjectToXML> (2/7) Create JAXB Context.
(Thu Sep 09 15:56:53 COT 2021): <Xml:ObjectToXML> (3/7) Create Marshaller.
(Thu Sep 09 15:56:53 COT 2021): <Xml:ObjectToXML> (4/7) Required formatting??
(Thu Sep 09 15:56:53 COT 2021): <Xml:ObjectToXML> (5/7) Print XML String to Console.
(Thu Sep 09 15:56:53 COT 2021): <Xml:ObjectToXML> (6/7) Write XML to StringWriter.
(Thu Sep 09 15:56:53 COT 2021): <Xml:ObjectToXML> (6.5/7) XML generation process end whit errors.
(Thu Sep 09 15:56:53 COT 2021): <Xml:ObjectToXML> (Errors) null
(Thu Sep 09 15:56:53 COT 2021): <Comprobante:getFileExtracted> (/) Extracting Adjustment successfully.
(Thu Sep 09 15:56:53 COT 2021): <Comprobante:getFileExtracted> (/) getFileExtracted process successfully.
(Thu Sep 09 15:56:53 COT 2021): <Comprobante:getFileExtracted> (1/) Starting getFileExtracted process.
(Thu Sep 09 15:56:53 COT 2021): <Comprobante:getFileExtracted> (/) Starting extracting Adjustment.
(Thu Sep 09 15:56:53 COT 2021): <Xml:ObjectToXML> (1/7) Starting the XML generation process.
(Thu Sep 09 15:56:53 COT 2021): <Xml:ObjectToXML> (2/7) Create JAXB Context.
(Thu Sep 09 15:56:53 COT 2021): <Xml:ObjectToXML> (3/7) Create Marshaller.
(Thu Sep 09 15:56:53 COT 2021): <Xml:ObjectToXML> (4/7) Required formatting??
(Thu Sep 09 15:56:53 COT 2021): <Xml:ObjectToXML> (5/7) Print XML String to Console.
(Thu Sep 09 15:56:53 COT 2021): <Xml:ObjectToXML> (6/7) Write XML to StringWriter.
(Thu Sep 09 15:56:53 COT 2021): <Xml:ObjectToXML> (6.5/7) XML generation process end whit errors.
(Thu Sep 09 15:56:53 COT 2021): <Xml:ObjectToXML> (Errors) null
(Thu Sep 09 15:56:53 COT 2021): <Comprobante:getFileExtracted> (/) Extracting Adjustment successfully.
(Thu Sep 09 15:56:53 COT 2021): <Comprobante:getFileExtracted> (/) getFileExtracted process successfully.
(Thu Sep 09 15:56:54 COT 2021): <Comprobante:getFileExtracted> (1/) Starting getFileExtracted process.
(Thu Sep 09 15:56:54 COT 2021): <Comprobante:getFileExtracted> (/) Starting extracting Adjustment.
(Thu Sep 09 15:56:54 COT 2021): <Xml:ObjectToXML> (1/7) Starting the XML generation process.
(Thu Sep 09 15:56:54 COT 2021): <Xml:ObjectToXML> (2/7) Create JAXB Context.
(Thu Sep 09 15:56:54 COT 2021): <Xml:ObjectToXML> (3/7) Create Marshaller.
(Thu Sep 09 15:56:54 COT 2021): <Xml:ObjectToXML> (4/7) Required formatting??
(Thu Sep 09 15:56:54 COT 2021): <Xml:ObjectToXML> (5/7) Print XML String to Console.
(Thu Sep 09 15:56:54 COT 2021): <Xml:ObjectToXML> (6/7) Write XML to StringWriter.
(Thu Sep 09 15:56:54 COT 2021): <Xml:ObjectToXML> (6.5/7) XML generation process end whit errors.
(Thu Sep 09 15:56:54 COT 2021): <Xml:ObjectToXML> (Errors) null
(Thu Sep 09 15:56:54 COT 2021): <Comprobante:getFileExtracted> (/) Extracting Adjustment successfully.
(Thu Sep 09 15:56:54 COT 2021): <Comprobante:getFileExtracted> (/) getFileExtracted process successfully.
(Thu Sep 09 15:56:54 COT 2021): <Comprobante:getFileExtracted> (1/) Starting getFileExtracted process.
(Thu Sep 09 15:56:54 COT 2021): <Comprobante:getFileExtracted> (/) Starting extracting Adjustment.
(Thu Sep 09 15:56:54 COT 2021): <Xml:ObjectToXML> (1/7) Starting the XML generation process.
(Thu Sep 09 15:56:54 COT 2021): <Xml:ObjectToXML> (2/7) Create JAXB Context.
(Thu Sep 09 15:56:54 COT 2021): <Xml:ObjectToXML> (3/7) Create Marshaller.
(Thu Sep 09 15:56:54 COT 2021): <Xml:ObjectToXML> (4/7) Required formatting??
(Thu Sep 09 15:56:54 COT 2021): <Xml:ObjectToXML> (5/7) Print XML String to Console.
(Thu Sep 09 15:56:54 COT 2021): <Xml:ObjectToXML> (6/7) Write XML to StringWriter.
(Thu Sep 09 15:56:54 COT 2021): <Xml:ObjectToXML> (6.5/7) XML generation process end whit errors.
(Thu Sep 09 15:56:54 COT 2021): <Xml:ObjectToXML> (Errors) null
(Thu Sep 09 15:56:54 COT 2021): <Comprobante:getFileExtracted> (/) Extracting Adjustment successfully.
(Thu Sep 09 15:56:54 COT 2021): <Comprobante:getFileExtracted> (/) getFileExtracted process successfully.
(Thu Sep 09 15:56:54 COT 2021): <Comprobante:getFileExtracted> (1/) Starting getFileExtracted process.
(Thu Sep 09 15:56:54 COT 2021): <Comprobante:getFileExtracted> (/) Starting extracting Adjustment.
(Thu Sep 09 15:56:54 COT 2021): <Xml:ObjectToXML> (1/7) Starting the XML generation process.
(Thu Sep 09 15:56:54 COT 2021): <Xml:ObjectToXML> (2/7) Create JAXB Context.
(Thu Sep 09 15:56:54 COT 2021): <Xml:ObjectToXML> (3/7) Create Marshaller.
(Thu Sep 09 15:56:54 COT 2021): <Xml:ObjectToXML> (4/7) Required formatting??
(Thu Sep 09 15:56:54 COT 2021): <Xml:ObjectToXML> (5/7) Print XML String to Console.
(Thu Sep 09 15:56:54 COT 2021): <Xml:ObjectToXML> (6/7) Write XML to StringWriter.
(Thu Sep 09 15:56:54 COT 2021): <Xml:ObjectToXML> (6.5/7) XML generation process end whit errors.
(Thu Sep 09 15:56:54 COT 2021): <Xml:ObjectToXML> (Errors) null
(Thu Sep 09 15:56:54 COT 2021): <Comprobante:getFileExtracted> (/) Extracting Adjustment successfully.
(Thu Sep 09 15:56:54 COT 2021): <Comprobante:getFileExtracted> (/) getFileExtracted process successfully.
(Thu Sep 09 15:56:55 COT 2021): <Comprobante:getFileExtracted> (1/) Starting getFileExtracted process.
(Thu Sep 09 16:00:00 COT 2021): <Comprobante:Comprobante> (1/2) Starting conection to data base.
(Thu Sep 09 16:00:03 COT 2021): <Comprobante:Comprobante> (2/2) conection to data base successfully.
(Thu Sep 09 16:00:04 COT 2021): <Comprobante:getFileExtracted> (1/) Starting getFileExtracted process.
(Thu Sep 09 16:00:04 COT 2021): <Comprobante:getFileExtracted> (/) Starting extracting Adjustment.
(Thu Sep 09 16:00:04 COT 2021): <Xml:ObjectToXML> (1/7) Starting the XML generation process.
(Thu Sep 09 16:00:04 COT 2021): <Xml:ObjectToXML> (2/7) Create JAXB Context.
(Thu Sep 09 16:00:04 COT 2021): <Xml:ObjectToXML> (3/7) Create Marshaller.
(Thu Sep 09 16:00:04 COT 2021): <Xml:ObjectToXML> (4/7) Required formatting??
(Thu Sep 09 16:00:04 COT 2021): <Xml:ObjectToXML> (5/7) Print XML String to Console.
(Thu Sep 09 16:00:04 COT 2021): <Xml:ObjectToXML> (6/7) Write XML to StringWriter.
(Thu Sep 09 16:00:04 COT 2021): <Xml:ObjectToXML> (6.5/7) XML generation process end whit errors.
(Thu Sep 09 16:00:04 COT 2021): <Xml:ObjectToXML> (Errors) null
(Thu Sep 09 16:00:04 COT 2021): <Comprobante:getFileExtracted> (/) Extracting Adjustment successfully.
(Thu Sep 09 16:00:04 COT 2021): <Comprobante:getFileExtracted> (/) getFileExtracted process successfully.
(Thu Sep 09 16:00:05 COT 2021): <Comprobante:getFileExtracted> (1/) Starting getFileExtracted process.
(Thu Sep 09 16:00:05 COT 2021): <Comprobante:getFileExtracted> (/) Starting extracting Adjustment.
(Thu Sep 09 16:00:05 COT 2021): <Xml:ObjectToXML> (1/7) Starting the XML generation process.
(Thu Sep 09 16:00:05 COT 2021): <Xml:ObjectToXML> (2/7) Create JAXB Context.
(Thu Sep 09 16:00:05 COT 2021): <Xml:ObjectToXML> (3/7) Create Marshaller.
(Thu Sep 09 16:00:05 COT 2021): <Xml:ObjectToXML> (4/7) Required formatting??
(Thu Sep 09 16:00:05 COT 2021): <Xml:ObjectToXML> (5/7) Print XML String to Console.
(Thu Sep 09 16:00:05 COT 2021): <Xml:ObjectToXML> (6/7) Write XML to StringWriter.
(Thu Sep 09 16:00:05 COT 2021): <Xml:ObjectToXML> (6.5/7) XML generation process end whit errors.
(Thu Sep 09 16:00:05 COT 2021): <Xml:ObjectToXML> (Errors) null
(Thu Sep 09 16:00:05 COT 2021): <Comprobante:getFileExtracted> (/) Extracting Adjustment successfully.
(Thu Sep 09 16:00:05 COT 2021): <Comprobante:getFileExtracted> (/) getFileExtracted process successfully.
(Thu Sep 09 16:00:05 COT 2021): <Comprobante:getFileExtracted> (1/) Starting getFileExtracted process.
(Thu Sep 09 16:00:05 COT 2021): <Comprobante:getFileExtracted> (/) Starting extracting Adjustment.
(Thu Sep 09 16:00:05 COT 2021): <Xml:ObjectToXML> (1/7) Starting the XML generation process.
(Thu Sep 09 16:00:05 COT 2021): <Xml:ObjectToXML> (2/7) Create JAXB Context.
(Thu Sep 09 16:00:05 COT 2021): <Xml:ObjectToXML> (3/7) Create Marshaller.
(Thu Sep 09 16:00:05 COT 2021): <Xml:ObjectToXML> (4/7) Required formatting??
(Thu Sep 09 16:00:05 COT 2021): <Xml:ObjectToXML> (5/7) Print XML String to Console.
(Thu Sep 09 16:00:05 COT 2021): <Xml:ObjectToXML> (6/7) Write XML to StringWriter.
(Thu Sep 09 16:00:05 COT 2021): <Xml:ObjectToXML> (6.5/7) XML generation process end whit errors.
(Thu Sep 09 16:00:05 COT 2021): <Xml:ObjectToXML> (Errors) null
(Thu Sep 09 16:00:05 COT 2021): <Comprobante:getFileExtracted> (/) Extracting Adjustment successfully.
(Thu Sep 09 16:02:37 COT 2021): <Comprobante:Comprobante> (1/2) Starting conection to data base.
(Thu Sep 09 16:02:40 COT 2021): <Comprobante:Comprobante> (2/2) conection to data base successfully.
(Thu Sep 09 16:02:40 COT 2021): <Comprobante:getFileExtracted> (1/) Starting getFileExtracted process.
(Thu Sep 09 16:02:40 COT 2021): <Comprobante:getFileExtracted> (/) Starting extracting Adjustment.
(Thu Sep 09 16:05:57 COT 2021): <Comprobante:Comprobante> (1/2) Starting conection to data base.
(Thu Sep 09 16:06:00 COT 2021): <Comprobante:Comprobante> (2/2) conection to data base successfully.
(Thu Sep 09 16:06:01 COT 2021): <Comprobante:getFileExtracted> (1/) Starting getFileExtracted process.
(Thu Sep 09 16:06:01 COT 2021): <Comprobante:getFileExtracted> (/) Starting extracting Adjustment.
(Thu Sep 09 16:06:01 COT 2021): <Comprobante:getFileExtracted> (/) Extracting Adjustment successfully.
(Thu Sep 09 16:06:01 COT 2021): <Comprobante:getFileExtracted> (/) getFileExtracted process successfully.
(Thu Sep 09 16:06:01 COT 2021): <Comprobante:getFileExtracted> (1/) Starting getFileExtracted process.
(Thu Sep 09 16:06:01 COT 2021): <Comprobante:getFileExtracted> (/) Starting extracting Adjustment.
(Thu Sep 09 16:06:01 COT 2021): <Comprobante:getFileExtracted> (/) Extracting Adjustment successfully.
(Thu Sep 09 16:06:01 COT 2021): <Comprobante:getFileExtracted> (/) getFileExtracted process successfully.
(Thu Sep 09 16:06:01 COT 2021): <Comprobante:getFileExtracted> (1/) Starting getFileExtracted process.
(Thu Sep 09 16:06:01 COT 2021): <Comprobante:getFileExtracted> (/) Starting extracting Adjustment.
(Thu Sep 09 16:06:01 COT 2021): <Comprobante:getFileExtracted> (/) Extracting Adjustment successfully.
(Thu Sep 09 16:06:01 COT 2021): <Comprobante:getFileExtracted> (/) getFileExtracted process successfully.
(Thu Sep 09 16:06:02 COT 2021): <Comprobante:getFileExtracted> (1/) Starting getFileExtracted process.
(Thu Sep 09 16:06:02 COT 2021): <Comprobante:getFileExtracted> (/) Starting extracting Adjustment.
(Thu Sep 09 16:06:02 COT 2021): <Comprobante:getFileExtracted> (/) Extracting Adjustment successfully.
(Thu Sep 09 16:06:02 COT 2021): <Comprobante:getFileExtracted> (/) getFileExtracted process successfully.
(Thu Sep 09 16:07:08 COT 2021): <Comprobante:Comprobante> (1/2) Starting conection to data base.
(Thu Sep 09 16:07:11 COT 2021): <Comprobante:Comprobante> (2/2) conection to data base successfully.
(Thu Sep 09 16:07:11 COT 2021): <Comprobante:getFileExtracted> (1/) Starting getFileExtracted process.
(Thu Sep 09 16:07:11 COT 2021): <Comprobante:getFileExtracted> (/) Starting extracting Adjustment.
(Thu Sep 09 16:07:12 COT 2021): <Comprobante:getFileExtracted> (/) Extracting Adjustment successfully.
(Thu Sep 09 16:07:12 COT 2021): <Comprobante:getFileExtracted> (/) getFileExtracted process successfully.
(Thu Sep 09 16:07:12 COT 2021): <Comprobante:getFileExtracted> (1/) Starting getFileExtracted process.
(Thu Sep 09 16:07:12 COT 2021): <Comprobante:getFileExtracted> (/) Starting extracting Adjustment.
(Thu Sep 09 16:07:12 COT 2021): <Comprobante:getFileExtracted> (/) Extracting Adjustment successfully.
(Thu Sep 09 16:07:12 COT 2021): <Comprobante:getFileExtracted> (/) getFileExtracted process successfully.
(Thu Sep 09 16:07:12 COT 2021): <Comprobante:getFileExtracted> (1/) Starting getFileExtracted process.
(Thu Sep 09 16:07:12 COT 2021): <Comprobante:getFileExtracted> (/) Starting extracting Adjustment.
(Thu Sep 09 16:07:12 COT 2021): <Comprobante:getFileExtracted> (/) Extracting Adjustment successfully.
(Thu Sep 09 16:07:12 COT 2021): <Comprobante:getFileExtracted> (/) getFileExtracted process successfully.
(Thu Sep 09 16:07:12 COT 2021): <Comprobante:getFileExtracted> (1/) Starting getFileExtracted process.
(Thu Sep 09 16:56:36 COT 2021): <Comprobante:Comprobante> (1/2) Starting conection to data base.
(Thu Sep 09 16:56:39 COT 2021): <Comprobante:Comprobante> (2/2) conection to data base successfully.
(Thu Sep 09 16:56:39 COT 2021): <Comprobante:getFileExtracted> (1/) Starting getFileExtracted process.
(Thu Sep 09 16:56:39 COT 2021): <Comprobante:getFileExtracted> (2/) Starting extracting voucher.
(Thu Sep 09 17:02:58 COT 2021): <Comprobante:Comprobante> (1/2) Starting conection to data base.
(Thu Sep 09 17:03:01 COT 2021): <Comprobante:Comprobante> (2/2) conection to data base successfully.
(Thu Sep 09 17:03:01 COT 2021): <Comprobante:getFileExtracted> (1/) Starting getFileExtracted process.
(Thu Sep 09 17:03:01 COT 2021): <Comprobante:getFileExtracted> (2/) Starting extracting voucher.
(Thu Sep 09 17:07:53 COT 2021): <Comprobante:Comprobante> (1/2) Starting conection to data base.
(Thu Sep 09 17:08:27 COT 2021): <Comprobante:Comprobante> (1/2) Starting conection to data base.
(Thu Sep 09 17:08:30 COT 2021): <Comprobante:Comprobante> (2/2) conection to data base successfully.
(Thu Sep 09 17:08:30 COT 2021): <Comprobante:getFileExtracted> (1/) Starting getFileExtracted process.
(Thu Sep 09 17:08:30 COT 2021): <Comprobante:getFileExtracted> (2/) Starting extracting voucher.
(Thu Sep 09 17:11:22 COT 2021): <Comprobante:Comprobante> (1/2) Starting conection to data base.
(Thu Sep 09 17:11:24 COT 2021): <Comprobante:Comprobante> (2/2) conection to data base successfully.
(Thu Sep 09 17:11:25 COT 2021): <Comprobante:getFileExtracted> (1/) Starting getFileExtracted process.
(Thu Sep 09 17:11:25 COT 2021): <Comprobante:getFileExtracted> (2/) Starting extracting voucher.
(Thu Sep 09 17:11:25 COT 2021): <Comprobante:getFileExtracted> (/) Extracting voucher successfully.
(Thu Sep 09 17:11:25 COT 2021): <Comprobante:getFileExtracted> (/) getFileExtracted process successfully.
(Thu Sep 09 17:11:26 COT 2021): <Comprobante:getFileExtracted> (1/) Starting getFileExtracted process.
(Thu Sep 09 17:11:26 COT 2021): <Comprobante:getFileExtracted> (2/) Starting extracting voucher.
(Thu Sep 09 17:11:26 COT 2021): <Comprobante:getFileExtracted> (/) Extracting voucher successfully.
(Thu Sep 09 17:11:26 COT 2021): <Comprobante:getFileExtracted> (/) getFileExtracted process successfully.
(Thu Sep 09 17:11:26 COT 2021): <Comprobante:getFileExtracted> (1/) Starting getFileExtracted process.
(Thu Sep 09 17:11:26 COT 2021): <Comprobante:getFileExtracted> (2/) Starting extracting voucher.
(Thu Sep 09 17:23:46 COT 2021): <Comprobante:Comprobante> (1/2) Starting conection to data base.
(Thu Sep 09 17:23:48 COT 2021): <Comprobante:Comprobante> (2/2) conection to data base successfully.
(Thu Sep 09 17:23:49 COT 2021): <Comprobante:getFileExtracted> (1/) Starting getFileExtracted process.
(Thu Sep 09 17:23:49 COT 2021): <Comprobante:getFileExtracted> (2/) Starting extracting voucher.
(Thu Sep 09 17:23:49 COT 2021): <Comprobante:getFileExtracted> (/) Extracting voucher successfully.
(Thu Sep 09 17:23:49 COT 2021): <Comprobante:getFileExtracted> (/) getFileExtracted process successfully.
(Thu Sep 09 17:23:49 COT 2021): <Comprobante:getFileExtracted> (1/) Starting getFileExtracted process.
(Thu Sep 09 17:23:50 COT 2021): <Comprobante:getFileExtracted> (2/) Starting extracting voucher.
(Thu Sep 09 17:23:50 COT 2021): <Comprobante:getFileExtracted> (/) Extracting voucher successfully.
(Thu Sep 09 17:23:50 COT 2021): <Comprobante:getFileExtracted> (/) getFileExtracted process successfully.
(Thu Sep 09 17:23:50 COT 2021): <Comprobante:getFileExtracted> (1/) Starting getFileExtracted process.
(Thu Sep 09 17:23:50 COT 2021): <Comprobante:getFileExtracted> (2/) Starting extracting voucher.
(Thu Sep 09 17:23:50 COT 2021): <Comprobante:getFileExtracted> (/) Extracting voucher successfully.
(Thu Sep 09 17:23:50 COT 2021): <Comprobante:getFileExtracted> (/) getFileExtracted process successfully.
(Thu Sep 09 17:23:50 COT 2021): <Comprobante:getFileExtracted> (1/) Starting getFileExtracted process.
(Thu Sep 09 17:23:50 COT 2021): <Comprobante:getFileExtracted> (2/) Starting extracting voucher.
(Thu Sep 09 17:23:50 COT 2021): <Comprobante:getFileExtracted> (/) Extracting voucher successfully.
(Thu Sep 09 17:23:50 COT 2021): <Comprobante:getFileExtracted> (/) getFileExtracted process successfully.
(Thu Sep 09 17:23:51 COT 2021): <Comprobante:getFileExtracted> (1/) Starting getFileExtracted process.
(Thu Sep 09 17:23:51 COT 2021): <Comprobante:getFileExtracted> (2/) Starting extracting voucher.
(Thu Sep 09 17:23:51 COT 2021): <Comprobante:getFileExtracted> (/) Extracting voucher successfully.
(Thu Sep 09 17:23:51 COT 2021): <Comprobante:getFileExtracted> (/) getFileExtracted process successfully.
(Thu Sep 09 17:23:51 COT 2021): <Comprobante:getFileExtracted> (1/) Starting getFileExtracted process.
