(Fri Sep 10 14:38:19 COT 2021): <Comprobante:Comprobante> (1/2) Starting conection to data base.
(Fri Sep 10 14:38:20 COT 2021): <Comprobante:Comprobante> (2/2) conection to data base successfully.
(Fri Sep 10 14:38:21 COT 2021): <Comprobante:getFileExtracted> (1/) Starting getFileExtracted process.
(Fri Sep 10 14:38:21 COT 2021): <Comprobante:getFileExtracted> (2/) Starting extracting voucher.
(Fri Sep 10 14:38:21 COT 2021): <Comprobante:getFileExtracted> (/) Extracting voucher successfully.
(Fri Sep 10 14:38:21 COT 2021): <Comprobante:getFileExtracted> (/) getFileExtracted process successfully.
(Fri Sep 10 14:38:21 COT 2021): <Comprobante:getFileExtracted> (1/) Starting getFileExtracted process.
(Fri Sep 10 14:38:21 COT 2021): <Comprobante:getFileExtracted> (2/) Starting extracting voucher.
(Fri Sep 10 14:38:21 COT 2021): <Comprobante:getFileExtracted> (/) Extracting voucher successfully.
(Fri Sep 10 14:38:21 COT 2021): <Comprobante:getFileExtracted> (/) getFileExtracted process successfully.
(Fri Sep 10 14:38:21 COT 2021): <Comprobante:getFileExtracted> (1/) Starting getFileExtracted process.
(Fri Sep 10 14:38:22 COT 2021): <Comprobante:getFileExtracted> (2/) Starting extracting voucher.
(Fri Sep 10 14:38:22 COT 2021): <Comprobante:getFileExtracted> (/) Extracting voucher successfully.
(Fri Sep 10 14:38:22 COT 2021): <Comprobante:getFileExtracted> (/) getFileExtracted process successfully.
(Fri Sep 10 14:38:22 COT 2021): <Comprobante:getFileExtracted> (1/) Starting getFileExtracted process.
(Fri Sep 10 14:38:22 COT 2021): <Comprobante:getFileExtracted> (2/) Starting extracting voucher.
(Fri Sep 10 14:38:22 COT 2021): <Comprobante:getFileExtracted> (/) Extracting voucher successfully.
(Fri Sep 10 14:38:22 COT 2021): <Comprobante:getFileExtracted> (/) getFileExtracted process successfully.
(Fri Sep 10 14:38:22 COT 2021): <Comprobante:getFileExtracted> (1/) Starting getFileExtracted process.
(Fri Sep 10 14:38:22 COT 2021): <Comprobante:getFileExtracted> (2/) Starting extracting voucher.
(Fri Sep 10 14:38:22 COT 2021): <Comprobante:getFileExtracted> (/) Extracting voucher successfully.
(Fri Sep 10 14:38:22 COT 2021): <Comprobante:getFileExtracted> (/) getFileExtracted process successfully.
(Fri Sep 10 14:38:23 COT 2021): <Comprobante:getFileExtracted> (1/) Starting getFileExtracted process.
(Fri Sep 10 14:38:23 COT 2021): <Comprobante:getFileExtracted> (2/) Starting extracting voucher.
(Fri Sep 10 14:38:23 COT 2021): <Comprobante:getFileExtracted> (/) Extracting voucher successfully.
(Fri Sep 10 14:38:23 COT 2021): <Comprobante:getFileExtracted> (/) getFileExtracted process successfully.
(Fri Sep 10 14:38:23 COT 2021): <Comprobante:getFileExtracted> (1/) Starting getFileExtracted process.
(Fri Sep 10 14:38:23 COT 2021): <Comprobante:getFileExtracted> (2/) Starting extracting voucher.
(Fri Sep 10 14:38:23 COT 2021): <Comprobante:getFileExtracted> (/) Extracting voucher successfully.
(Fri Sep 10 14:38:23 COT 2021): <Comprobante:getFileExtracted> (/) getFileExtracted process successfully.
(Fri Sep 10 14:38:23 COT 2021): <Comprobante:getFileExtracted> (1/) Starting getFileExtracted process.
(Fri Sep 10 14:38:23 COT 2021): <Comprobante:getFileExtracted> (2/) Starting extracting voucher.
(Fri Sep 10 14:38:23 COT 2021): <Comprobante:getFileExtracted> (/) Extracting voucher successfully.
(Fri Sep 10 14:38:23 COT 2021): <Comprobante:getFileExtracted> (/) getFileExtracted process successfully.
(Fri Sep 10 14:38:23 COT 2021): <Comprobante:getFileExtracted> (1/) Starting getFileExtracted process.
(Fri Sep 10 14:38:23 COT 2021): <Comprobante:getFileExtracted> (2/) Starting extracting voucher.
(Fri Sep 10 14:38:23 COT 2021): <Comprobante:getFileExtracted> (/) Extracting voucher successfully.
(Fri Sep 10 14:38:23 COT 2021): <Comprobante:getFileExtracted> (/) getFileExtracted process successfully.
(Fri Sep 10 14:38:24 COT 2021): <Comprobante:getFileExtracted> (1/) Starting getFileExtracted process.
(Fri Sep 10 14:38:24 COT 2021): <Comprobante:getFileExtracted> (2/) Starting extracting voucher.
(Fri Sep 10 14:38:24 COT 2021): <Comprobante:getFileExtracted> (/) Extracting voucher successfully.
(Fri Sep 10 14:38:24 COT 2021): <Comprobante:getFileExtracted> (/) getFileExtracted process successfully.
(Fri Sep 10 14:38:24 COT 2021): <Comprobante:getFileExtracted> (1/) Starting getFileExtracted process.
(Fri Sep 10 14:38:24 COT 2021): <Comprobante:getFileExtracted> (2/) Starting extracting voucher.
(Fri Sep 10 14:38:24 COT 2021): <Comprobante:getFileExtracted> (/) Extracting voucher successfully.
(Fri Sep 10 14:38:24 COT 2021): <Comprobante:getFileExtracted> (/) getFileExtracted process successfully.
(Fri Sep 10 14:38:24 COT 2021): <Comprobante:getFileExtracted> (1/) Starting getFileExtracted process.
(Fri Sep 10 14:38:24 COT 2021): <Comprobante:getFileExtracted> (2/) Starting extracting voucher.
(Fri Sep 10 14:38:24 COT 2021): <Comprobante:getFileExtracted> (/) Extracting voucher successfully.
(Fri Sep 10 14:38:24 COT 2021): <Comprobante:getFileExtracted> (/) getFileExtracted process successfully.
(Fri Sep 10 14:38:24 COT 2021): <Comprobante:getFileExtracted> (1/) Starting getFileExtracted process.
(Fri Sep 10 14:38:24 COT 2021): <Comprobante:getFileExtracted> (2/) Starting extracting voucher.
(Fri Sep 10 14:38:24 COT 2021): <Comprobante:getFileExtracted> (/) Extracting voucher successfully.
(Fri Sep 10 14:38:24 COT 2021): <Comprobante:getFileExtracted> (/) getFileExtracted process successfully.
(Fri Sep 10 14:38:24 COT 2021): <Comprobante:getFileExtracted> (1/) Starting getFileExtracted process.
(Fri Sep 10 14:38:25 COT 2021): <Comprobante:getFileExtracted> (2/) Starting extracting voucher.
(Fri Sep 10 14:38:25 COT 2021): <Comprobante:getFileExtracted> (/) Extracting voucher successfully.
(Fri Sep 10 14:38:25 COT 2021): <Comprobante:getFileExtracted> (/) getFileExtracted process successfully.
(Fri Sep 10 14:38:25 COT 2021): <Comprobante:getFileExtracted> (1/) Starting getFileExtracted process.
(Fri Sep 10 14:38:25 COT 2021): <Comprobante:getFileExtracted> (2/) Starting extracting voucher.
(Fri Sep 10 14:38:25 COT 2021): <Comprobante:getFileExtracted> (/) Extracting voucher successfully.
(Fri Sep 10 14:38:25 COT 2021): <Comprobante:getFileExtracted> (/) getFileExtracted process successfully.
(Fri Sep 10 14:38:25 COT 2021): <Comprobante:getFileExtracted> (1/) Starting getFileExtracted process.
(Fri Sep 10 14:38:25 COT 2021): <Comprobante:getFileExtracted> (2/) Starting extracting voucher.
(Fri Sep 10 14:38:25 COT 2021): <Comprobante:getFileExtracted> (/) Extracting voucher successfully.
(Fri Sep 10 14:38:25 COT 2021): <Comprobante:getFileExtracted> (/) getFileExtracted process successfully.
(Fri Sep 10 14:38:25 COT 2021): <Comprobante:getFileExtracted> (1/) Starting getFileExtracted process.
(Fri Sep 10 14:38:25 COT 2021): <Comprobante:getFileExtracted> (2/) Starting extracting voucher.
(Fri Sep 10 14:38:25 COT 2021): <Comprobante:getFileExtracted> (/) Extracting voucher successfully.
(Fri Sep 10 14:38:25 COT 2021): <Comprobante:getFileExtracted> (/) getFileExtracted process successfully.
(Fri Sep 10 14:38:25 COT 2021): <Comprobante:getFileExtracted> (1/) Starting getFileExtracted process.
(Fri Sep 10 14:38:26 COT 2021): <Comprobante:getFileExtracted> (2/) Starting extracting voucher.
(Fri Sep 10 14:38:26 COT 2021): <Comprobante:getFileExtracted> (/) Extracting voucher successfully.
(Fri Sep 10 14:38:26 COT 2021): <Comprobante:getFileExtracted> (/) getFileExtracted process successfully.
(Fri Sep 10 15:51:21 COT 2021): <Comprobante:Comprobante> (1/2) Starting conection to data base.
(Fri Sep 10 15:51:23 COT 2021): <Comprobante:Comprobante> (2/2) conection to data base successfully.
(Fri Sep 10 15:51:23 COT 2021): <Comprobante:getFileExtracted> (1/) Starting getFileExtracted process.
(Fri Sep 10 15:51:23 COT 2021): <Comprobante:getFileExtracted> (2/) Starting extracting voucher.
(Fri Sep 10 15:51:23 COT 2021): <Comprobante:getFileExtracted> (/) Extracting voucher successfully.
(Fri Sep 10 15:51:23 COT 2021): <Comprobante:getFileExtracted> (/) getFileExtracted process successfully.
(Fri Sep 10 15:51:23 COT 2021): <Comprobante:getFileExtracted> (1/) Starting getFileExtracted process.
(Fri Sep 10 15:51:23 COT 2021): <Comprobante:getFileExtracted> (2/) Starting extracting voucher.
(Fri Sep 10 15:51:24 COT 2021): <Comprobante:getFileExtracted> (/) Extracting voucher successfully.
(Fri Sep 10 15:51:24 COT 2021): <Comprobante:getFileExtracted> (/) getFileExtracted process successfully.
(Fri Sep 10 15:51:24 COT 2021): <Comprobante:getFileExtracted> (1/) Starting getFileExtracted process.
(Fri Sep 10 15:51:24 COT 2021): <Comprobante:getFileExtracted> (2/) Starting extracting voucher.
(Fri Sep 10 15:51:24 COT 2021): <Comprobante:getFileExtracted> (/) Extracting voucher successfully.
(Fri Sep 10 15:51:24 COT 2021): <Comprobante:getFileExtracted> (/) getFileExtracted process successfully.
(Fri Sep 10 15:51:24 COT 2021): <Comprobante:getFileExtracted> (1/) Starting getFileExtracted process.
(Fri Sep 10 15:51:24 COT 2021): <Comprobante:getFileExtracted> (2/) Starting extracting voucher.
(Fri Sep 10 15:51:24 COT 2021): <Comprobante:getFileExtracted> (/) Extracting voucher successfully.
(Fri Sep 10 15:51:24 COT 2021): <Comprobante:getFileExtracted> (/) getFileExtracted process successfully.
(Fri Sep 10 15:51:24 COT 2021): <Comprobante:getFileExtracted> (1/) Starting getFileExtracted process.
(Fri Sep 10 15:51:24 COT 2021): <Comprobante:getFileExtracted> (2/) Starting extracting voucher.
(Fri Sep 10 15:51:25 COT 2021): <Comprobante:getFileExtracted> (/) Extracting voucher successfully.
(Fri Sep 10 15:51:25 COT 2021): <Comprobante:getFileExtracted> (/) getFileExtracted process successfully.
(Fri Sep 10 15:51:25 COT 2021): <Comprobante:getFileExtracted> (1/) Starting getFileExtracted process.
(Fri Sep 10 15:51:25 COT 2021): <Comprobante:getFileExtracted> (2/) Starting extracting voucher.
(Fri Sep 10 15:51:25 COT 2021): <Comprobante:getFileExtracted> (/) Extracting voucher successfully.
(Fri Sep 10 15:51:25 COT 2021): <Comprobante:getFileExtracted> (/) getFileExtracted process successfully.
(Fri Sep 10 15:51:25 COT 2021): <Comprobante:getFileExtracted> (1/) Starting getFileExtracted process.
(Fri Sep 10 15:51:25 COT 2021): <Comprobante:getFileExtracted> (2/) Starting extracting voucher.
(Fri Sep 10 15:51:25 COT 2021): <Comprobante:getFileExtracted> (/) Extracting voucher successfully.
(Fri Sep 10 15:51:25 COT 2021): <Comprobante:getFileExtracted> (/) getFileExtracted process successfully.
(Fri Sep 10 15:51:25 COT 2021): <Comprobante:getFileExtracted> (1/) Starting getFileExtracted process.
(Fri Sep 10 15:51:25 COT 2021): <Comprobante:getFileExtracted> (2/) Starting extracting voucher.
(Fri Sep 10 15:51:25 COT 2021): <Comprobante:getFileExtracted> (/) Extracting voucher successfully.
(Fri Sep 10 15:51:25 COT 2021): <Comprobante:getFileExtracted> (/) getFileExtracted process successfully.
(Fri Sep 10 15:51:26 COT 2021): <Comprobante:getFileExtracted> (1/) Starting getFileExtracted process.
(Fri Sep 10 15:51:26 COT 2021): <Comprobante:getFileExtracted> (2/) Starting extracting voucher.
(Fri Sep 10 15:51:26 COT 2021): <Comprobante:getFileExtracted> (/) Extracting voucher successfully.
(Fri Sep 10 15:51:26 COT 2021): <Comprobante:getFileExtracted> (/) getFileExtracted process successfully.
(Fri Sep 10 15:51:26 COT 2021): <Comprobante:getFileExtracted> (1/) Starting getFileExtracted process.
(Fri Sep 10 15:51:26 COT 2021): <Comprobante:getFileExtracted> (2/) Starting extracting voucher.
(Fri Sep 10 15:51:26 COT 2021): <Comprobante:getFileExtracted> (/) Extracting voucher successfully.
(Fri Sep 10 15:51:26 COT 2021): <Comprobante:getFileExtracted> (/) getFileExtracted process successfully.
(Fri Sep 10 16:31:46 COT 2021): <Comprobante:Comprobante> (1/2) Starting conection to data base.
(Fri Sep 10 16:31:48 COT 2021): <Comprobante:Comprobante> (2/2) conection to data base successfully.
(Fri Sep 10 16:31:49 COT 2021): <Comprobante:getFileExtracted> (1/) Starting getFileExtracted process.
(Fri Sep 10 16:31:49 COT 2021): <Comprobante:getFileExtracted> (2/) Starting extracting voucher.
(Fri Sep 10 16:34:56 COT 2021): <Comprobante:Comprobante> (1/2) Starting conection to data base.
(Fri Sep 10 16:34:57 COT 2021): <Comprobante:Comprobante> (2/2) conection to data base successfully.
(Fri Sep 10 16:34:58 COT 2021): <Comprobante:getFileExtracted> (1/) Starting getFileExtracted process.
(Fri Sep 10 16:34:58 COT 2021): <Comprobante:getFileExtracted> (2/) Starting extracting voucher.
(Fri Sep 10 16:35:39 COT 2021): <Comprobante:Comprobante> (1/2) Starting conection to data base.
(Fri Sep 10 16:35:41 COT 2021): <Comprobante:Comprobante> (2/2) conection to data base successfully.
(Fri Sep 10 16:35:41 COT 2021): <Comprobante:getFileExtracted> (1/) Starting getFileExtracted process.
(Fri Sep 10 16:35:41 COT 2021): <Comprobante:getFileExtracted> (2/) Starting extracting voucher.
(Fri Sep 10 16:35:41 COT 2021): <Comprobante:getFileExtracted> (/) Extracting voucher successfully.
(Fri Sep 10 16:35:41 COT 2021): <Comprobante:getFileExtracted> (/) getFileExtracted process successfully.
(Fri Sep 10 16:35:42 COT 2021): <Comprobante:getFileExtracted> (1/) Starting getFileExtracted process.
(Fri Sep 10 16:35:42 COT 2021): <Comprobante:getFileExtracted> (2/) Starting extracting voucher.
(Fri Sep 10 16:35:42 COT 2021): <Comprobante:getFileExtracted> (/) Extracting voucher successfully.
(Fri Sep 10 16:35:42 COT 2021): <Comprobante:getFileExtracted> (/) getFileExtracted process successfully.
(Fri Sep 10 16:35:42 COT 2021): <Comprobante:getFileExtracted> (1/) Starting getFileExtracted process.
(Fri Sep 10 16:35:42 COT 2021): <Comprobante:getFileExtracted> (2/) Starting extracting voucher.
(Fri Sep 10 16:35:42 COT 2021): <Comprobante:getFileExtracted> (/) Extracting voucher successfully.
(Fri Sep 10 16:35:42 COT 2021): <Comprobante:getFileExtracted> (/) getFileExtracted process successfully.
(Fri Sep 10 16:35:42 COT 2021): <Comprobante:getFileExtracted> (1/) Starting getFileExtracted process.
(Fri Sep 10 16:35:42 COT 2021): <Comprobante:getFileExtracted> (2/) Starting extracting voucher.
(Fri Sep 10 16:35:42 COT 2021): <Comprobante:getFileExtracted> (/) Extracting voucher successfully.
(Fri Sep 10 16:35:42 COT 2021): <Comprobante:getFileExtracted> (/) getFileExtracted process successfully.
(Fri Sep 10 16:35:42 COT 2021): <Comprobante:getFileExtracted> (1/) Starting getFileExtracted process.
(Fri Sep 10 16:35:43 COT 2021): <Comprobante:getFileExtracted> (2/) Starting extracting voucher.
(Fri Sep 10 16:35:43 COT 2021): <Comprobante:getFileExtracted> (/) Extracting voucher successfully.
(Fri Sep 10 16:35:43 COT 2021): <Comprobante:getFileExtracted> (/) getFileExtracted process successfully.
(Fri Sep 10 16:35:43 COT 2021): <Comprobante:getFileExtracted> (1/) Starting getFileExtracted process.
(Fri Sep 10 16:35:43 COT 2021): <Comprobante:getFileExtracted> (2/) Starting extracting voucher.
(Fri Sep 10 16:35:43 COT 2021): <Comprobante:getFileExtracted> (/) Extracting voucher successfully.
(Fri Sep 10 16:35:43 COT 2021): <Comprobante:getFileExtracted> (/) getFileExtracted process successfully.
(Fri Sep 10 17:12:39 COT 2021): <Comprobante:Comprobante> (1/2) Starting conection to data base.
(Fri Sep 10 17:12:41 COT 2021): <Comprobante:Comprobante> (2/2) conection to data base successfully.
(Fri Sep 10 17:12:41 COT 2021): <Comprobante:getFileExtracted> (1/) Starting getFileExtracted process.
(Fri Sep 10 17:12:41 COT 2021): <Comprobante:getFileExtracted> (2/) Starting extracting voucher.
(Fri Sep 10 17:12:42 COT 2021): <Comprobante:getFileExtracted> (/) Extracting voucher successfully.
(Fri Sep 10 17:12:42 COT 2021): <Comprobante:getFileExtracted> (/) getFileExtracted process successfully.
(Fri Sep 10 17:12:42 COT 2021): <Comprobante:getFileExtracted> (1/) Starting getFileExtracted process.
(Fri Sep 10 17:12:42 COT 2021): <Comprobante:getFileExtracted> (2/) Starting extracting voucher.
(Fri Sep 10 17:12:42 COT 2021): <Comprobante:getFileExtracted> (/) Extracting voucher successfully.
(Fri Sep 10 17:12:42 COT 2021): <Comprobante:getFileExtracted> (/) getFileExtracted process successfully.
(Fri Sep 10 17:12:42 COT 2021): <Comprobante:getFileExtracted> (1/) Starting getFileExtracted process.
(Fri Sep 10 17:12:42 COT 2021): <Comprobante:getFileExtracted> (2/) Starting extracting voucher.
(Fri Sep 10 17:12:42 COT 2021): <Comprobante:getFileExtracted> (/) Extracting voucher successfully.
(Fri Sep 10 17:12:42 COT 2021): <Comprobante:getFileExtracted> (/) getFileExtracted process successfully.
(Fri Sep 10 17:12:43 COT 2021): <Comprobante:getFileExtracted> (1/) Starting getFileExtracted process.
(Fri Sep 10 17:12:43 COT 2021): <Comprobante:getFileExtracted> (2/) Starting extracting voucher.
(Fri Sep 10 17:12:43 COT 2021): <Comprobante:getFileExtracted> (/) Extracting voucher successfully.
(Fri Sep 10 17:12:43 COT 2021): <Comprobante:getFileExtracted> (/) getFileExtracted process successfully.
(Fri Sep 10 17:12:43 COT 2021): <Comprobante:getFileExtracted> (1/) Starting getFileExtracted process.
(Fri Sep 10 17:12:43 COT 2021): <Comprobante:getFileExtracted> (2/) Starting extracting voucher.
(Fri Sep 10 19:32:34 COT 2021): <Comprobante:Comprobante> (1/2) Starting conection to data base.
(Fri Sep 10 19:32:36 COT 2021): <Comprobante:Comprobante> (2/2) conection to data base successfully.
(Fri Sep 10 19:32:36 COT 2021): <Comprobante:getFileExtracted> (1/) Starting getFileExtracted process.
(Fri Sep 10 19:32:36 COT 2021): <Comprobante:getFileExtracted> (2/) Starting extracting voucher.
(Fri Sep 10 19:32:36 COT 2021): <Comprobante:getFileExtracted> (/) Extracting voucher successfully.
(Fri Sep 10 19:32:36 COT 2021): <Comprobante:getFileExtracted> (/) getFileExtracted process successfully.
(Fri Sep 10 19:32:37 COT 2021): <Comprobante:getFileExtracted> (1/) Starting getFileExtracted process.
(Fri Sep 10 19:32:37 COT 2021): <Comprobante:getFileExtracted> (2/) Starting extracting voucher.
(Fri Sep 10 19:32:37 COT 2021): <Comprobante:getFileExtracted> (/) Extracting voucher successfully.
(Fri Sep 10 19:32:37 COT 2021): <Comprobante:getFileExtracted> (/) getFileExtracted process successfully.
(Fri Sep 10 19:32:37 COT 2021): <Comprobante:getFileExtracted> (1/) Starting getFileExtracted process.
(Fri Sep 10 19:32:37 COT 2021): <Comprobante:getFileExtracted> (2/) Starting extracting voucher.
(Fri Sep 10 19:32:37 COT 2021): <Comprobante:getFileExtracted> (/) Extracting voucher successfully.
(Fri Sep 10 19:32:37 COT 2021): <Comprobante:getFileExtracted> (/) getFileExtracted process successfully.
(Fri Sep 10 19:32:37 COT 2021): <Comprobante:getFileExtracted> (1/) Starting getFileExtracted process.
(Fri Sep 10 19:32:37 COT 2021): <Comprobante:getFileExtracted> (2/) Starting extracting voucher.
(Fri Sep 10 19:32:38 COT 2021): <Comprobante:getFileExtracted> (/) Extracting voucher successfully.
(Fri Sep 10 19:32:38 COT 2021): <Comprobante:getFileExtracted> (/) getFileExtracted process successfully.
(Fri Sep 10 19:32:38 COT 2021): <Comprobante:getFileExtracted> (1/) Starting getFileExtracted process.
(Fri Sep 10 19:32:38 COT 2021): <Comprobante:getFileExtracted> (2/) Starting extracting voucher.
(Fri Sep 10 19:32:38 COT 2021): <Comprobante:getFileExtracted> (/) Extracting voucher successfully.
(Fri Sep 10 19:32:38 COT 2021): <Comprobante:getFileExtracted> (/) getFileExtracted process successfully.
(Fri Sep 10 19:33:08 COT 2021): <Comprobante:Comprobante> (1/2) Starting conection to data base.
(Fri Sep 10 19:33:09 COT 2021): <Comprobante:Comprobante> (2/2) conection to data base successfully.
(Fri Sep 10 19:33:10 COT 2021): <Comprobante:getFileExtracted> (1/) Starting getFileExtracted process.
(Fri Sep 10 19:33:10 COT 2021): <Comprobante:getFileExtracted> (2/) Starting extracting voucher.
(Fri Sep 10 19:33:11 COT 2021): <Comprobante:getFileExtracted> (/) Extracting voucher successfully.
(Fri Sep 10 19:33:11 COT 2021): <Comprobante:getFileExtracted> (/) getFileExtracted process successfully.
(Fri Sep 10 19:33:11 COT 2021): <Comprobante:getFileExtracted> (1/) Starting getFileExtracted process.
(Fri Sep 10 19:33:11 COT 2021): <Comprobante:getFileExtracted> (2/) Starting extracting voucher.
(Fri Sep 10 19:33:11 COT 2021): <Comprobante:getFileExtracted> (/) Extracting voucher successfully.
(Fri Sep 10 19:33:11 COT 2021): <Comprobante:getFileExtracted> (/) getFileExtracted process successfully.
(Fri Sep 10 19:33:11 COT 2021): <Comprobante:getFileExtracted> (1/) Starting getFileExtracted process.
(Fri Sep 10 19:33:11 COT 2021): <Comprobante:getFileExtracted> (2/) Starting extracting voucher.
(Fri Sep 10 19:33:12 COT 2021): <Comprobante:getFileExtracted> (/) Extracting voucher successfully.
(Fri Sep 10 19:33:12 COT 2021): <Comprobante:getFileExtracted> (/) getFileExtracted process successfully.
(Fri Sep 10 19:33:12 COT 2021): <Comprobante:getFileExtracted> (1/) Starting getFileExtracted process.
(Fri Sep 10 19:33:12 COT 2021): <Comprobante:getFileExtracted> (2/) Starting extracting voucher.
(Fri Sep 10 19:33:12 COT 2021): <Comprobante:getFileExtracted> (/) Extracting voucher successfully.
(Fri Sep 10 19:33:12 COT 2021): <Comprobante:getFileExtracted> (/) getFileExtracted process successfully.
(Fri Sep 10 19:33:12 COT 2021): <Comprobante:getFileExtracted> (1/) Starting getFileExtracted process.
(Fri Sep 10 19:33:12 COT 2021): <Comprobante:getFileExtracted> (2/) Starting extracting voucher.
(Fri Sep 10 20:13:25 COT 2021): <Comprobante:Comprobante> (1/2) Starting conection to data base.
(Fri Sep 10 20:13:27 COT 2021): <Comprobante:Comprobante> (2/2) conection to data base successfully.
(Fri Sep 10 20:13:27 COT 2021): <Comprobante:getFileExtracted> (1/) Starting getFileExtracted process.
(Fri Sep 10 20:13:27 COT 2021): <Comprobante:getFileExtracted> (2/) Starting extracting voucher.
(Fri Sep 10 20:15:40 COT 2021): <Comprobante:Comprobante> (1/2) Starting conection to data base.
(Fri Sep 10 20:15:41 COT 2021): <Comprobante:Comprobante> (2/2) conection to data base successfully.
(Fri Sep 10 20:15:41 COT 2021): <Comprobante:getFileExtracted> (1/) Starting getFileExtracted process.
(Fri Sep 10 20:15:41 COT 2021): <Comprobante:getFileExtracted> (2/) Starting extracting voucher.
(Fri Sep 10 20:15:42 COT 2021): <Comprobante:getFileExtracted> (/) Extracting voucher successfully.
(Fri Sep 10 20:15:42 COT 2021): <Comprobante:getFileExtracted> (/) getFileExtracted process successfully.
(Fri Sep 10 20:15:42 COT 2021): <Comprobante:getFileExtracted> (1/) Starting getFileExtracted process.
(Fri Sep 10 20:15:42 COT 2021): <Comprobante:getFileExtracted> (2/) Starting extracting voucher.
(Fri Sep 10 20:15:42 COT 2021): <Comprobante:getFileExtracted> (/) Extracting voucher successfully.
(Fri Sep 10 20:15:42 COT 2021): <Comprobante:getFileExtracted> (/) getFileExtracted process successfully.
(Fri Sep 10 20:15:42 COT 2021): <Comprobante:getFileExtracted> (1/) Starting getFileExtracted process.
(Fri Sep 10 20:15:43 COT 2021): <Comprobante:getFileExtracted> (2/) Starting extracting voucher.
(Fri Sep 10 20:15:43 COT 2021): <Comprobante:getFileExtracted> (/) Extracting voucher successfully.
(Fri Sep 10 20:15:43 COT 2021): <Comprobante:getFileExtracted> (/) getFileExtracted process successfully.
(Fri Sep 10 20:15:43 COT 2021): <Comprobante:getFileExtracted> (1/) Starting getFileExtracted process.
(Fri Sep 10 20:15:43 COT 2021): <Comprobante:getFileExtracted> (2/) Starting extracting voucher.
(Fri Sep 10 20:15:44 COT 2021): <Comprobante:getFileExtracted> (/) Extracting voucher successfully.
(Fri Sep 10 20:15:44 COT 2021): <Comprobante:getFileExtracted> (/) getFileExtracted process successfully.
(Fri Sep 10 20:15:44 COT 2021): <Comprobante:getFileExtracted> (1/) Starting getFileExtracted process.
(Fri Sep 10 20:15:44 COT 2021): <Comprobante:getFileExtracted> (2/) Starting extracting voucher.
(Fri Sep 10 20:33:03 COT 2021): <Comprobante:Comprobante> (1/2) Starting conection to data base.
(Fri Sep 10 20:33:04 COT 2021): <Comprobante:Comprobante> (2/2) conection to data base successfully.
(Fri Sep 10 20:33:05 COT 2021): <Comprobante:getFileExtracted> (1/) Starting getFileExtracted process.
(Fri Sep 10 20:33:05 COT 2021): <Comprobante:getFileExtracted> (2/) Starting extracting voucher.
(Fri Sep 10 20:33:05 COT 2021): <Comprobante:getFileExtracted> (/) Extracting voucher successfully.
(Fri Sep 10 20:33:05 COT 2021): <Comprobante:getFileExtracted> (/) getFileExtracted process successfully.
(Fri Sep 10 20:33:05 COT 2021): <Comprobante:getFileExtracted> (1/) Starting getFileExtracted process.
(Fri Sep 10 20:33:05 COT 2021): <Comprobante:getFileExtracted> (2/) Starting extracting voucher.
(Fri Sep 10 20:33:06 COT 2021): <Comprobante:getFileExtracted> (/) Extracting voucher successfully.
(Fri Sep 10 20:33:06 COT 2021): <Comprobante:getFileExtracted> (/) getFileExtracted process successfully.
(Fri Sep 10 20:33:06 COT 2021): <Comprobante:getFileExtracted> (1/) Starting getFileExtracted process.
(Fri Sep 10 20:33:06 COT 2021): <Comprobante:getFileExtracted> (2/) Starting extracting voucher.
(Fri Sep 10 20:33:06 COT 2021): <Comprobante:getFileExtracted> (/) Extracting voucher successfully.
(Fri Sep 10 20:33:06 COT 2021): <Comprobante:getFileExtracted> (/) getFileExtracted process successfully.
(Fri Sep 10 20:33:06 COT 2021): <Comprobante:getFileExtracted> (1/) Starting getFileExtracted process.
(Fri Sep 10 20:33:06 COT 2021): <Comprobante:getFileExtracted> (2/) Starting extracting voucher.
(Fri Sep 10 20:33:07 COT 2021): <Comprobante:getFileExtracted> (/) Extracting voucher successfully.
(Fri Sep 10 20:33:07 COT 2021): <Comprobante:getFileExtracted> (/) getFileExtracted process successfully.
(Fri Sep 10 20:33:07 COT 2021): <Comprobante:getFileExtracted> (1/) Starting getFileExtracted process.
(Fri Sep 10 20:33:07 COT 2021): <Comprobante:getFileExtracted> (2/) Starting extracting voucher.
(Fri Sep 10 20:33:07 COT 2021): <Comprobante:getFileExtracted> (/) Extracting voucher successfully.
(Fri Sep 10 20:33:07 COT 2021): <Comprobante:getFileExtracted> (/) getFileExtracted process successfully.
(Fri Sep 10 20:33:07 COT 2021): <Comprobante:getFileExtracted> (1/) Starting getFileExtracted process.
(Fri Sep 10 20:33:07 COT 2021): <Comprobante:getFileExtracted> (2/) Starting extracting voucher.
(Fri Sep 10 20:33:08 COT 2021): <Comprobante:getFileExtracted> (/) Extracting voucher successfully.
(Fri Sep 10 20:33:08 COT 2021): <Comprobante:getFileExtracted> (/) getFileExtracted process successfully.
(Fri Sep 10 20:33:08 COT 2021): <Comprobante:getFileExtracted> (1/) Starting getFileExtracted process.
(Fri Sep 10 20:33:08 COT 2021): <Comprobante:getFileExtracted> (2/) Starting extracting voucher.
(Fri Sep 10 20:33:08 COT 2021): <Comprobante:getFileExtracted> (/) Extracting voucher successfully.
(Fri Sep 10 20:33:08 COT 2021): <Comprobante:getFileExtracted> (/) getFileExtracted process successfully.
(Fri Sep 10 20:33:08 COT 2021): <Comprobante:getFileExtracted> (1/) Starting getFileExtracted process.
(Fri Sep 10 20:33:08 COT 2021): <Comprobante:getFileExtracted> (2/) Starting extracting voucher.
(Fri Sep 10 20:33:09 COT 2021): <Comprobante:getFileExtracted> (/) Extracting voucher successfully.
(Fri Sep 10 20:33:09 COT 2021): <Comprobante:getFileExtracted> (/) getFileExtracted process successfully.
(Fri Sep 10 20:33:09 COT 2021): <Comprobante:getFileExtracted> (1/) Starting getFileExtracted process.
(Fri Sep 10 20:33:09 COT 2021): <Comprobante:getFileExtracted> (2/) Starting extracting voucher.
(Fri Sep 10 20:33:09 COT 2021): <Comprobante:getFileExtracted> (/) Extracting voucher successfully.
(Fri Sep 10 20:33:09 COT 2021): <Comprobante:getFileExtracted> (/) getFileExtracted process successfully.
(Fri Sep 10 20:33:09 COT 2021): <Comprobante:getFileExtracted> (1/) Starting getFileExtracted process.
(Fri Sep 10 20:33:09 COT 2021): <Comprobante:getFileExtracted> (2/) Starting extracting voucher.
(Fri Sep 10 20:33:10 COT 2021): <Comprobante:getFileExtracted> (/) Extracting voucher successfully.
(Fri Sep 10 20:33:10 COT 2021): <Comprobante:getFileExtracted> (/) getFileExtracted process successfully.
(Fri Sep 10 20:33:10 COT 2021): <Comprobante:getFileExtracted> (1/) Starting getFileExtracted process.
(Fri Sep 10 20:33:10 COT 2021): <Comprobante:getFileExtracted> (2/) Starting extracting voucher.
(Fri Sep 10 20:33:10 COT 2021): <Comprobante:getFileExtracted> (/) Extracting voucher successfully.
(Fri Sep 10 20:33:10 COT 2021): <Comprobante:getFileExtracted> (/) getFileExtracted process successfully.
(Fri Sep 10 20:33:10 COT 2021): <Comprobante:getFileExtracted> (1/) Starting getFileExtracted process.
(Fri Sep 10 20:33:10 COT 2021): <Comprobante:getFileExtracted> (2/) Starting extracting voucher.
(Fri Sep 10 20:33:11 COT 2021): <Comprobante:getFileExtracted> (/) Extracting voucher successfully.
(Fri Sep 10 20:33:11 COT 2021): <Comprobante:getFileExtracted> (/) getFileExtracted process successfully.
(Fri Sep 10 20:33:11 COT 2021): <Comprobante:getFileExtracted> (1/) Starting getFileExtracted process.
(Fri Sep 10 20:33:11 COT 2021): <Comprobante:getFileExtracted> (2/) Starting extracting voucher.
(Fri Sep 10 20:33:11 COT 2021): <Comprobante:getFileExtracted> (/) Extracting voucher successfully.
(Fri Sep 10 20:33:11 COT 2021): <Comprobante:getFileExtracted> (/) getFileExtracted process successfully.
(Fri Sep 10 20:33:11 COT 2021): <Comprobante:getFileExtracted> (1/) Starting getFileExtracted process.
(Fri Sep 10 20:33:11 COT 2021): <Comprobante:getFileExtracted> (2/) Starting extracting voucher.
(Fri Sep 10 20:33:49 COT 2021): <Comprobante:Comprobante> (1/2) Starting conection to data base.
(Fri Sep 10 20:33:51 COT 2021): <Comprobante:Comprobante> (2/2) conection to data base successfully.
(Fri Sep 10 20:33:51 COT 2021): <Comprobante:getFileExtracted> (1/) Starting getFileExtracted process.
(Fri Sep 10 20:33:51 COT 2021): <Comprobante:getFileExtracted> (2/) Starting extracting voucher.
(Fri Sep 10 20:33:52 COT 2021): <Comprobante:getFileExtracted> (/) Extracting voucher successfully.
(Fri Sep 10 20:33:52 COT 2021): <Comprobante:getFileExtracted> (/) getFileExtracted process successfully.
(Fri Sep 10 20:33:52 COT 2021): <Comprobante:getFileExtracted> (1/) Starting getFileExtracted process.
(Fri Sep 10 20:33:52 COT 2021): <Comprobante:getFileExtracted> (2/) Starting extracting voucher.
(Fri Sep 10 20:33:52 COT 2021): <Comprobante:getFileExtracted> (/) Extracting voucher successfully.
(Fri Sep 10 20:33:52 COT 2021): <Comprobante:getFileExtracted> (/) getFileExtracted process successfully.
(Fri Sep 10 20:33:52 COT 2021): <Comprobante:getFileExtracted> (1/) Starting getFileExtracted process.
(Fri Sep 10 20:33:52 COT 2021): <Comprobante:getFileExtracted> (2/) Starting extracting voucher.
(Fri Sep 10 20:33:53 COT 2021): <Comprobante:getFileExtracted> (/) Extracting voucher successfully.
(Fri Sep 10 20:33:53 COT 2021): <Comprobante:getFileExtracted> (/) getFileExtracted process successfully.
(Fri Sep 10 20:33:53 COT 2021): <Comprobante:getFileExtracted> (1/) Starting getFileExtracted process.
(Fri Sep 10 20:33:53 COT 2021): <Comprobante:getFileExtracted> (2/) Starting extracting voucher.
(Fri Sep 10 20:33:53 COT 2021): <Comprobante:getFileExtracted> (/) Extracting voucher successfully.
(Fri Sep 10 20:33:53 COT 2021): <Comprobante:getFileExtracted> (/) getFileExtracted process successfully.
(Fri Sep 10 20:33:53 COT 2021): <Comprobante:getFileExtracted> (1/) Starting getFileExtracted process.
(Fri Sep 10 20:33:53 COT 2021): <Comprobante:getFileExtracted> (2/) Starting extracting voucher.
(Fri Sep 10 21:24:54 COT 2021): <Comprobante:Comprobante> (1/2) Starting conection to data base.
(Fri Sep 10 21:24:56 COT 2021): <Comprobante:Comprobante> (2/2) conection to data base successfully.
(Fri Sep 10 21:24:56 COT 2021): <Comprobante:getFileExtracted> (1/) Starting getFileExtracted process.
(Fri Sep 10 21:24:56 COT 2021): <Comprobante:getFileExtracted> (2/) Starting extracting voucher.
(Fri Sep 10 21:25:45 COT 2021): <Comprobante:Comprobante> (1/2) Starting conection to data base.
(Fri Sep 10 21:25:46 COT 2021): <Comprobante:Comprobante> (2/2) conection to data base successfully.
(Fri Sep 10 21:25:46 COT 2021): <Comprobante:getFileExtracted> (1/) Starting getFileExtracted process.
(Fri Sep 10 21:25:46 COT 2021): <Comprobante:getFileExtracted> (2/) Starting extracting voucher.
(Fri Sep 10 21:27:56 COT 2021): <Comprobante:Comprobante> (1/2) Starting conection to data base.
(Fri Sep 10 21:27:57 COT 2021): <Comprobante:Comprobante> (2/2) conection to data base successfully.
(Fri Sep 10 21:27:58 COT 2021): <Comprobante:getFileExtracted> (1/) Starting getFileExtracted process.
(Fri Sep 10 21:27:58 COT 2021): <Comprobante:getFileExtracted> (2/) Starting extracting voucher.
(Fri Sep 10 21:27:58 COT 2021): <Comprobante:getFileExtracted> (/) Extracting voucher successfully.
(Fri Sep 10 21:27:58 COT 2021): <Comprobante:getFileExtracted> (/) getFileExtracted process successfully.
(Fri Sep 10 21:27:58 COT 2021): <Comprobante:getFileExtracted> (1/) Starting getFileExtracted process.
(Fri Sep 10 21:27:58 COT 2021): <Comprobante:getFileExtracted> (2/) Starting extracting voucher.
(Fri Sep 10 21:27:59 COT 2021): <Comprobante:getFileExtracted> (/) Extracting voucher successfully.
(Fri Sep 10 21:27:59 COT 2021): <Comprobante:getFileExtracted> (/) getFileExtracted process successfully.
(Fri Sep 10 21:27:59 COT 2021): <Comprobante:getFileExtracted> (1/) Starting getFileExtracted process.
(Fri Sep 10 21:27:59 COT 2021): <Comprobante:getFileExtracted> (2/) Starting extracting voucher.
(Fri Sep 10 21:27:59 COT 2021): <Comprobante:getFileExtracted> (/) Extracting voucher successfully.
(Fri Sep 10 21:27:59 COT 2021): <Comprobante:getFileExtracted> (/) getFileExtracted process successfully.
(Fri Sep 10 21:27:59 COT 2021): <Comprobante:getFileExtracted> (1/) Starting getFileExtracted process.
(Fri Sep 10 21:27:59 COT 2021): <Comprobante:getFileExtracted> (2/) Starting extracting voucher.
(Fri Sep 10 21:28:00 COT 2021): <Comprobante:getFileExtracted> (/) Extracting voucher successfully.
(Fri Sep 10 21:28:00 COT 2021): <Comprobante:getFileExtracted> (/) getFileExtracted process successfully.
(Fri Sep 10 21:28:00 COT 2021): <Comprobante:getFileExtracted> (1/) Starting getFileExtracted process.
(Fri Sep 10 21:28:00 COT 2021): <Comprobante:getFileExtracted> (2/) Starting extracting voucher.
(Fri Sep 10 21:28:00 COT 2021): <Comprobante:getFileExtracted> (/) Extracting voucher successfully.
(Fri Sep 10 21:28:00 COT 2021): <Comprobante:getFileExtracted> (/) getFileExtracted process successfully.
(Fri Sep 10 21:28:00 COT 2021): <Comprobante:getFileExtracted> (1/) Starting getFileExtracted process.
(Fri Sep 10 21:28:01 COT 2021): <Comprobante:getFileExtracted> (2/) Starting extracting voucher.
(Fri Sep 10 21:28:01 COT 2021): <Comprobante:getFileExtracted> (/) Extracting voucher successfully.
(Fri Sep 10 21:28:01 COT 2021): <Comprobante:getFileExtracted> (/) getFileExtracted process successfully.
(Fri Sep 10 21:28:01 COT 2021): <Comprobante:getFileExtracted> (1/) Starting getFileExtracted process.
(Fri Sep 10 21:28:01 COT 2021): <Comprobante:getFileExtracted> (2/) Starting extracting voucher.
(Fri Sep 10 21:36:45 COT 2021): <Comprobante:Comprobante> (1/2) Starting conection to data base.
(Fri Sep 10 21:36:46 COT 2021): <Comprobante:Comprobante> (2/2) conection to data base successfully.
(Fri Sep 10 21:36:47 COT 2021): <Comprobante:getFileExtracted> (1/) Starting getFileExtracted process.
(Fri Sep 10 21:36:47 COT 2021): <Comprobante:getFileExtracted> (2/) Starting extracting voucher.
(Fri Sep 10 21:36:47 COT 2021): <Comprobante:getFileExtracted> (/) Extracting voucher successfully.
(Fri Sep 10 21:36:47 COT 2021): <Comprobante:getFileExtracted> (/) getFileExtracted process successfully.
(Fri Sep 10 21:36:47 COT 2021): <Comprobante:getFileExtracted> (1/) Starting getFileExtracted process.
(Fri Sep 10 21:36:47 COT 2021): <Comprobante:getFileExtracted> (2/) Starting extracting voucher.
(Fri Sep 10 21:36:48 COT 2021): <Comprobante:getFileExtracted> (/) Extracting voucher successfully.
(Fri Sep 10 21:36:48 COT 2021): <Comprobante:getFileExtracted> (/) getFileExtracted process successfully.
(Fri Sep 10 21:36:48 COT 2021): <Comprobante:getFileExtracted> (1/) Starting getFileExtracted process.
(Fri Sep 10 21:36:48 COT 2021): <Comprobante:getFileExtracted> (2/) Starting extracting voucher.
(Fri Sep 10 21:36:48 COT 2021): <Comprobante:getFileExtracted> (/) Extracting voucher successfully.
(Fri Sep 10 21:36:48 COT 2021): <Comprobante:getFileExtracted> (/) getFileExtracted process successfully.
(Fri Sep 10 21:36:48 COT 2021): <Comprobante:getFileExtracted> (1/) Starting getFileExtracted process.
(Fri Sep 10 21:36:48 COT 2021): <Comprobante:getFileExtracted> (2/) Starting extracting voucher.
(Fri Sep 10 21:36:49 COT 2021): <Comprobante:getFileExtracted> (/) Extracting voucher successfully.
(Fri Sep 10 21:36:49 COT 2021): <Comprobante:getFileExtracted> (/) getFileExtracted process successfully.
(Fri Sep 10 21:36:49 COT 2021): <Comprobante:getFileExtracted> (1/) Starting getFileExtracted process.
(Fri Sep 10 21:36:49 COT 2021): <Comprobante:getFileExtracted> (2/) Starting extracting voucher.
(Fri Sep 10 21:36:49 COT 2021): <Comprobante:getFileExtracted> (/) Extracting voucher successfully.
(Fri Sep 10 21:36:49 COT 2021): <Comprobante:getFileExtracted> (/) getFileExtracted process successfully.
(Fri Sep 10 21:36:49 COT 2021): <Comprobante:getFileExtracted> (1/) Starting getFileExtracted process.
(Fri Sep 10 21:36:50 COT 2021): <Comprobante:getFileExtracted> (2/) Starting extracting voucher.
(Fri Sep 10 21:36:50 COT 2021): <Comprobante:getFileExtracted> (/) Extracting voucher successfully.
(Fri Sep 10 21:36:50 COT 2021): <Comprobante:getFileExtracted> (/) getFileExtracted process successfully.
